ARM GAS  /cygdrive/c/Users/embedded/AppData/Local/Temp/ccKUKIdR.s 			page 1


   1              		.code	16
   2              		.file	"music.c"
   3              		.section	.debug_abbrev,"",%progbits
   4              	.Ldebug_abbrev0:
   5              		.section	.debug_info,"",%progbits
   6              	.Ldebug_info0:
   7              		.section	.debug_line,"",%progbits
   8              	.Ldebug_line0:
   9 0000 D7000000 		.text
   9      02005200 
   9      00000201 
   9      FB0E0D00 
   9      01010101 
  10              	.Ltext0:
  11              		.align	2
  12              		.global	evry
  13              		.code 16
  14              		.thumb_func
  15              		.type	evry, %function
  16              	evry:
  17              	.LFB6:
  18              		.file 1 "music.c"
   1:music.c       **** /******************************************************************************
   2:music.c       ****  * File:
   3:music.c       ****  *    music.c
   4:music.c       ****  *
   5:music.c       ****  * Description:
   6:music.c       ****  *    Implements music
   7:music.c       ****  *
   8:music.c       ****  *****************************************************************************/
   9:music.c       **** 
  10:music.c       **** /******************************************************************************
  11:music.c       ****  * Includes
  12:music.c       ****  *****************************************************************************/
  13:music.c       **** #include "../pre_emptive_os/api/osapi.h"
  14:music.c       **** #include "../pre_emptive_os/api/general.h"
  15:music.c       **** #include <lpc2xxx.h>
  16:music.c       **** 
  17:music.c       **** #include "hw.h"
  18:music.c       **** #include "pins.h"
  19:music.c       **** #include "notes.h"
  20:music.c       **** #include "timer.h"
  21:music.c       **** 
  22:music.c       ****  void 
  23:music.c       ****  bleep(tU8 k){
  24:music.c       **** 	//shortly k bleep with the buzzer 
  25:music.c       ****   tU32 i,j;
  26:music.c       **** 	for(i=0;i<k;i++){
  27:music.c       **** 		for(j=0; j<1000; j++)
  28:music.c       **** 		{
  29:music.c       **** 			setBuzzer(TRUE);
  30:music.c       **** 			sleep(1000);
  31:music.c       **** 			setBuzzer(FALSE);
  32:music.c       **** 			sleep(1000);
  33:music.c       **** 		}
  34:music.c       **** 		sleep(10000000);
  35:music.c       **** 	}
ARM GAS  /cygdrive/c/Users/embedded/AppData/Local/Temp/ccKUKIdR.s 			page 2


  36:music.c       ****     
  37:music.c       **** 	
  38:music.c       ****  }
  39:music.c       **** 	
  40:music.c       **** 	
  41:music.c       **** void 
  42:music.c       **** buzzerPlus(tU32 k) {
  43:music.c       **** 	//shortly bleep with the buzzer and flash with the LEDs
  44:music.c       ****   tU32 j;
  45:music.c       **** 
  46:music.c       ****     for(j=0; j<1000000/k; j++)
  47:music.c       ****     {
  48:music.c       ****       setBuzzer(TRUE);
  49:music.c       ****       sleep(k);
  50:music.c       ****       setBuzzer(FALSE);
  51:music.c       ****       sleep(k);
  52:music.c       ****     }
  53:music.c       **** }
  54:music.c       **** 
  55:music.c       **** void 
  56:music.c       **** dzwiekiWojtka(void){
  57:music.c       **** 	tU32 j, i, a = 0, p = 55;
  58:music.c       **** 	for(j=10; j>0;j--)
  59:music.c       **** 	{
  60:music.c       **** 		i = j+p;
  61:music.c       **** 		if (j%4 != 0) {
  62:music.c       **** 		buzzerPlus(i*i+a);
  63:music.c       **** 		sleep(5000000);
  64:music.c       **** 		}
  65:music.c       **** 	}
  66:music.c       **** 	sleep(5000000);
  67:music.c       **** 	sleep(5000000);
  68:music.c       **** 	for(j=1; j<11;j++)
  69:music.c       **** 	{
  70:music.c       **** 		i = j+p;
  71:music.c       **** 		if (j%4 != 0) {
  72:music.c       **** 		buzzerPlus(i*i+a);
  73:music.c       **** 		sleep(5000000);
  74:music.c       **** 		}
  75:music.c       **** 	}
  76:music.c       **** }
  77:music.c       **** 
  78:music.c       **** void 
  79:music.c       ****  sound(tU32 freq, tU32 lenght, tU32 volume){ //float czy tU32
  80:music.c       **** 	// sound with the buzzer 
  81:music.c       **** 	//noteLenght=lenght*10000000; //one second
  82:music.c       **** 	tU32 t=100000000/(2*freq); //one second
  83:music.c       **** 	tU32 j;
  84:music.c       **** 	tU32 skala = 99.0;
  85:music.c       **** 		for(j=0; j<(freq*lenght/1000000); j++)
  86:music.c       **** 		{
  87:music.c       **** 			setBuzzer(TRUE);
  88:music.c       **** 			sleep(t*volume/skala);
  89:music.c       **** 			setBuzzer(FALSE);
  90:music.c       **** 			sleep(t*(2*skala-volume)/skala);
  91:music.c       **** 		}
  92:music.c       **** }
ARM GAS  /cygdrive/c/Users/embedded/AppData/Local/Temp/ccKUKIdR.s 			page 3


  93:music.c       ****    void evry() {/*
  19              		.loc 1 93 0
  20              		@ lr needed for prologue
  21              		.loc 1 93 0
  22              		@ sp needed for prologue
  23 0000 7047     		bx	lr
  24              	.LFE6:
  25              		.size	evry, .-evry
  26              		.global	__udivsi3
  27 0002 0000     		.align	2
  28              		.global	sound
  29              		.code 16
  30              		.thumb_func
  31              		.type	sound, %function
  32              	sound:
  33              	.LFB5:
  34              		.loc 1 79 0
  35 0004 F0B5     		push	{r4, r5, r6, r7, lr}
  36              	.LCFI0:
  37              	.LVL0:
  38 0006 82B0     		sub	sp, sp, #8
  39              	.LCFI1:
  40              		.loc 1 79 0
  41 0008 041C     		mov	r4, r0
  42 000a 0D1C     		mov	r5, r1
  43              		.loc 1 82 0
  44 000c 4100     		lsl	r1, r0, #1
  45              	.LVL1:
  46 000e 1748     		ldr	r0, .L8
  47              	.LVL2:
  48              		.loc 1 79 0
  49 0010 171C     		mov	r7, r2
  50              		.loc 1 82 0
  51 0012 FFF7FEFF 		bl	__udivsi3
  52              	.LVL3:
  53              		.loc 1 85 0
  54 0016 1649     		ldr	r1, .L8+4
  55              		.loc 1 82 0
  56 0018 061C     		mov	r6, r0
  57              		.loc 1 85 0
  58 001a 281C     		mov	r0, r5
  59 001c 6043     		mul	r0, r4
  60 001e FFF7FEFF 		bl	__udivsi3
  61              		.loc 1 88 0
  62 0022 6321     		mov	r1, #99
  63              		.loc 1 85 0
  64 0024 0190     		str	r0, [sp, #4]
  65              		.loc 1 88 0
  66 0026 381C     		mov	r0, r7
  67 0028 7043     		mul	r0, r6
  68 002a FFF7FEFF 		bl	__udivsi3
  69              		.loc 1 90 0
  70 002e C623     		mov	r3, #198
  71 0030 DB1B     		sub	r3, r3, r7
  72              		.loc 1 88 0
  73 0032 0090     		str	r0, [sp]
  74              		.loc 1 90 0
ARM GAS  /cygdrive/c/Users/embedded/AppData/Local/Temp/ccKUKIdR.s 			page 4


  75 0034 6321     		mov	r1, #99
  76 0036 181C     		mov	r0, r3
  77 0038 7043     		mul	r0, r6
  78 003a FFF7FEFF 		bl	__udivsi3
  79 003e 0024     		mov	r4, #0
  80              	.LVL4:
  81 0040 051C     		mov	r5, r0
  82              	.LVL5:
  83 0042 0CE0     		b	.L4
  84              	.L5:
  85              		.loc 1 87 0
  86 0044 0120     		mov	r0, #1
  87 0046 FFF7FEFF 		bl	setBuzzer
  88              		.loc 1 88 0
  89 004a 0098     		ldr	r0, [sp]
  90 004c FFF7FEFF 		bl	sleep
  91              		.loc 1 89 0
  92 0050 0020     		mov	r0, #0
  93 0052 FFF7FEFF 		bl	setBuzzer
  94              		.loc 1 90 0
  95 0056 281C     		mov	r0, r5
  96 0058 FFF7FEFF 		bl	sleep
  97              		.loc 1 85 0
  98 005c 0134     		add	r4, r4, #1
  99              	.L4:
 100 005e 019B     		ldr	r3, [sp, #4]
 101 0060 9C42     		cmp	r4, r3
 102 0062 EFD1     		bne	.L5
 103              		.loc 1 92 0
 104 0064 02B0     		add	sp, sp, #8
 105              		@ sp needed for prologue
 106              	.LVL6:
 107              	.LVL7:
 108 0066 F0BC     		pop	{r4, r5, r6, r7}
 109 0068 01BC     		pop	{r0}
 110 006a 0047     		bx	r0
 111              	.L9:
 112              		.align	2
 113              	.L8:
 114 006c 00E1F505 		.word	100000000
 115 0070 40420F00 		.word	1000000
 116              	.LFE5:
 117              		.size	sound, .-sound
 118              		.align	2
 119              		.global	ref
 120              		.code 16
 121              		.thumb_func
 122              		.type	ref, %function
 123              	ref:
 124              	.LFB7:
  94:music.c       **** 						sound(A6,sixteenth, 33);
  95:music.c       **** 						sleep(62500);
  96:music.c       **** 						sound(A6,sixteenth, 33);
  97:music.c       **** 						sleep(62500);
  98:music.c       **** 							sound(B6,sixteenth, 33);
  99:music.c       **** 							sleep(62500);
 100:music.c       **** 							sound(B6,sixteenth, 33);
ARM GAS  /cygdrive/c/Users/embedded/AppData/Local/Temp/ccKUKIdR.s 			page 5


 101:music.c       **** 							sleep(62500*4);
 102:music.c       **** 		sound(D7,eight);
 103:music.c       **** 		sleep(62500);
 104:music.c       **** 				sound(F7,quarter);
 105:music.c       **** 				sleep(62500);
 106:music.c       **** 			sound(E7,eight);
 107:music.c       **** 			sleep(62500);
 108:music.c       **** 			sound(E7,quarter);
 109:music.c       **** 			sleep(62500);	
 110:music.c       **** 				sound(F7,quarter);
 111:music.c       **** 				sleep(62500);
 112:music.c       **** 			
 113:music.c       ****   */ } 
 114:music.c       ****    void ref(tU32 volume) {
 125              		.loc 1 114 0
 126 0074 F0B5     		push	{r4, r5, r6, r7, lr}
 127              	.LCFI2:
 128              	.LVL8:
 115:music.c       **** 				sound(B7,sixteenth, volume);
 129              		.loc 1 115 0
 130 0076 2D4F     		ldr	r7, .L12
 131 0078 2D4D     		ldr	r5, .L12+4
 132              		.loc 1 114 0
 133 007a 041C     		mov	r4, r0
 116:music.c       **** 				sleep(62500);
 134              		.loc 1 116 0
 135 007c 2D4E     		ldr	r6, .L12+8
 136              		.loc 1 115 0
 137 007e 391C     		mov	r1, r7
 138 0080 221C     		mov	r2, r4
 139 0082 281C     		mov	r0, r5
 140              	.LVL9:
 141 0084 FFF7FEFF 		bl	sound
 142              	.LVL10:
 143              		.loc 1 116 0
 144 0088 301C     		mov	r0, r6
 145 008a FFF7FEFF 		bl	sleep
 117:music.c       **** 				sound(B7,sixteenth, volume);
 146              		.loc 1 117 0
 147 008e 391C     		mov	r1, r7
 148 0090 221C     		mov	r2, r4
 149 0092 281C     		mov	r0, r5
 150 0094 FFF7FEFF 		bl	sound
 118:music.c       **** 				sleep(62500);
 151              		.loc 1 118 0
 152 0098 301C     		mov	r0, r6
 153 009a FFF7FEFF 		bl	sleep
 119:music.c       **** 				sound(B7,sixteenth, volume);
 154              		.loc 1 119 0
 155 009e 391C     		mov	r1, r7
 156 00a0 221C     		mov	r2, r4
 157 00a2 281C     		mov	r0, r5
 158 00a4 FFF7FEFF 		bl	sound
 120:music.c       **** 				sleep(62500);
 159              		.loc 1 120 0
 160 00a8 301C     		mov	r0, r6
 161 00aa FFF7FEFF 		bl	sleep
ARM GAS  /cygdrive/c/Users/embedded/AppData/Local/Temp/ccKUKIdR.s 			page 6


 121:music.c       **** 				sound(B7,sixteenth, volume);
 162              		.loc 1 121 0
 163 00ae 391C     		mov	r1, r7
 164 00b0 221C     		mov	r2, r4
 165 00b2 281C     		mov	r0, r5
 166 00b4 FFF7FEFF 		bl	sound
 122:music.c       **** 				sleep(62500);
 167              		.loc 1 122 0
 168 00b8 301C     		mov	r0, r6
 169 00ba FFF7FEFF 		bl	sleep
 123:music.c       **** 			sound(A7,eight, volume);
 170              		.loc 1 123 0
 171 00be 221C     		mov	r2, r4
 172 00c0 1D49     		ldr	r1, .L12+12
 173 00c2 1E48     		ldr	r0, .L12+16
 174 00c4 FFF7FEFF 		bl	sound
 124:music.c       **** 			sleep(62500);
 125:music.c       **** 			sound(A7,sixteenth, volume);
 126:music.c       **** 			sleep(31250);
 175              		.loc 1 126 0
 176 00c8 1D4D     		ldr	r5, .L12+20
 177              		.loc 1 124 0
 178 00ca 301C     		mov	r0, r6
 179 00cc FFF7FEFF 		bl	sleep
 180              		.loc 1 125 0
 181 00d0 391C     		mov	r1, r7
 182 00d2 221C     		mov	r2, r4
 183 00d4 1948     		ldr	r0, .L12+16
 184 00d6 FFF7FEFF 		bl	sound
 185              		.loc 1 126 0
 186 00da 281C     		mov	r0, r5
 187 00dc FFF7FEFF 		bl	sleep
 127:music.c       **** 			sound(A7,sixteenth, volume);
 188              		.loc 1 127 0
 189 00e0 391C     		mov	r1, r7
 190 00e2 221C     		mov	r2, r4
 191 00e4 1548     		ldr	r0, .L12+16
 192 00e6 FFF7FEFF 		bl	sound
 128:music.c       **** 			sleep(31250);
 129:music.c       **** 	sound(F7,(eight+sixteenth), volume);
 193              		.loc 1 129 0
 194 00ea 164F     		ldr	r7, .L12+24
 195              		.loc 1 128 0
 196 00ec 281C     		mov	r0, r5
 197              		.loc 1 129 0
 198 00ee 164D     		ldr	r5, .L12+28
 199              		.loc 1 128 0
 200 00f0 FFF7FEFF 		bl	sleep
 201              		.loc 1 129 0
 202 00f4 391C     		mov	r1, r7
 203 00f6 281C     		mov	r0, r5
 204 00f8 221C     		mov	r2, r4
 205 00fa FFF7FEFF 		bl	sound
 130:music.c       **** 	sleep(62500);
 206              		.loc 1 130 0
 207 00fe 301C     		mov	r0, r6
 208 0100 FFF7FEFF 		bl	sleep
ARM GAS  /cygdrive/c/Users/embedded/AppData/Local/Temp/ccKUKIdR.s 			page 7


 131:music.c       **** 	sound(F7,(eight+sixteenth), volume);
 209              		.loc 1 131 0
 210 0104 391C     		mov	r1, r7
 211 0106 281C     		mov	r0, r5
 212 0108 221C     		mov	r2, r4
 213 010a FFF7FEFF 		bl	sound
 132:music.c       **** 	sleep(62500);
 214              		.loc 1 132 0
 215 010e 301C     		mov	r0, r6
 216 0110 FFF7FEFF 		bl	sleep
 133:music.c       **** 			sound(A7,quarter, volume);
 217              		.loc 1 133 0
 218 0114 0D49     		ldr	r1, .L12+32
 219 0116 221C     		mov	r2, r4
 220 0118 0848     		ldr	r0, .L12+16
 221 011a FFF7FEFF 		bl	sound
 134:music.c       **** 			sleep(62500);
 222              		.loc 1 134 0
 223 011e 301C     		mov	r0, r6
 224 0120 FFF7FEFF 		bl	sleep
 135:music.c       ****   }
 225              		.loc 1 135 0
 226              		@ sp needed for prologue
 227              	.LVL11:
 228 0124 F0BC     		pop	{r4, r5, r6, r7}
 229 0126 01BC     		pop	{r0}
 230 0128 0047     		bx	r0
 231              	.L13:
 232 012a 0000     		.align	2
 233              	.L12:
 234 012c 71020000 		.word	625
 235 0130 63070600 		.word	395107
 236 0134 24F40000 		.word	62500
 237 0138 E2040000 		.word	1250
 238 013c 005F0500 		.word	352000
 239 0140 127A0000 		.word	31250
 240 0144 53070000 		.word	1875
 241 0148 57430400 		.word	279383
 242 014c C4090000 		.word	2500
 243              	.LFE7:
 244              		.size	ref, .-ref
 245              		.align	2
 246              		.global	music
 247              		.code 16
 248              		.thumb_func
 249              		.type	music, %function
 250              	music:
 251              	.LFB8:
 136:music.c       **** void 
 137:music.c       ****  music(void){
 252              		.loc 1 137 0
 253 0150 00B5     		push	{lr}
 254              	.LCFI3:
 138:music.c       **** 	// music with the buzzer 
 139:music.c       **** 	
 140:music.c       **** 				
 141:music.c       **** 			//evry();
ARM GAS  /cygdrive/c/Users/embedded/AppData/Local/Temp/ccKUKIdR.s 			page 8


 142:music.c       **** 			sleep(62500*4);
 255              		.loc 1 142 0
 256 0152 0548     		ldr	r0, .L16
 257 0154 FFF7FEFF 		bl	sleep
 143:music.c       **** 			ref(33);
 258              		.loc 1 143 0
 259 0158 2120     		mov	r0, #33
 260 015a FFF7FEFF 		bl	ref
 144:music.c       **** 			sleep(625000);
 261              		.loc 1 144 0
 262 015e 0348     		ldr	r0, .L16+4
 263 0160 FFF7FEFF 		bl	sleep
 145:music.c       **** 			
 146:music.c       **** 			tU32 j;
 147:music.c       **** 		/*for(j=1; j<99; j++)
 148:music.c       **** 		{
 149:music.c       **** 			sleep(31250*2);
 150:music.c       **** 			sound(A7,sixteenth*2, j);
 151:music.c       **** 		}
 152:music.c       **** 		*/
 153:music.c       **** 		
 154:music.c       **** 			
 155:music.c       **** 			
 156:music.c       **** }
 264              		.loc 1 156 0
 265              		@ sp needed for prologue
 266 0164 01BC     		pop	{r0}
 267 0166 0047     		bx	r0
 268              	.L17:
 269              		.align	2
 270              	.L16:
 271 0168 90D00300 		.word	250000
 272 016c 68890900 		.word	625000
 273              	.LFE8:
 274              		.size	music, .-music
 275              		.align	2
 276              		.global	buzzerPlus
 277              		.code 16
 278              		.thumb_func
 279              		.type	buzzerPlus, %function
 280              	buzzerPlus:
 281              	.LFB3:
 282              		.loc 1 42 0
 283 0170 70B5     		push	{r4, r5, r6, lr}
 284              	.LCFI4:
 285              	.LVL12:
 286              		.loc 1 42 0
 287 0172 041C     		mov	r4, r0
 288              		.loc 1 46 0
 289 0174 211C     		mov	r1, r4
 290 0176 0C48     		ldr	r0, .L23
 291              	.LVL13:
 292 0178 FFF7FEFF 		bl	__udivsi3
 293              	.LVL14:
 294 017c 0025     		mov	r5, #0
 295              	.LVL15:
 296 017e 061C     		mov	r6, r0
ARM GAS  /cygdrive/c/Users/embedded/AppData/Local/Temp/ccKUKIdR.s 			page 9


 297 0180 0CE0     		b	.L19
 298              	.L20:
 299              		.loc 1 48 0
 300 0182 0120     		mov	r0, #1
 301 0184 FFF7FEFF 		bl	setBuzzer
 302              		.loc 1 49 0
 303 0188 201C     		mov	r0, r4
 304 018a FFF7FEFF 		bl	sleep
 305              		.loc 1 50 0
 306 018e 0020     		mov	r0, #0
 307 0190 FFF7FEFF 		bl	setBuzzer
 308              		.loc 1 51 0
 309 0194 201C     		mov	r0, r4
 310 0196 FFF7FEFF 		bl	sleep
 311              		.loc 1 46 0
 312 019a 0135     		add	r5, r5, #1
 313              	.L19:
 314 019c B542     		cmp	r5, r6
 315 019e F0D1     		bne	.L20
 316              		.loc 1 53 0
 317              		@ sp needed for prologue
 318              	.LVL16:
 319              	.LVL17:
 320 01a0 70BC     		pop	{r4, r5, r6}
 321 01a2 01BC     		pop	{r0}
 322 01a4 0047     		bx	r0
 323              	.L24:
 324 01a6 0000     		.align	2
 325              	.L23:
 326 01a8 40420F00 		.word	1000000
 327              	.LFE3:
 328              		.size	buzzerPlus, .-buzzerPlus
 329              		.align	2
 330              		.global	dzwiekiWojtka
 331              		.code 16
 332              		.thumb_func
 333              		.type	dzwiekiWojtka, %function
 334              	dzwiekiWojtka:
 335              	.LFB4:
 336              		.loc 1 56 0
 337 01ac 10B5     		push	{r4, lr}
 338              	.LCFI5:
 339              		.loc 1 56 0
 340 01ae 0A24     		mov	r4, #10
 341              	.LVL18:
 342 01b0 4120     		mov	r0, #65
 343              	.LVL19:
 344 01b2 04E0     		b	.L26
 345              	.L27:
 346 01b4 201C     		mov	r0, r4
 347              		.loc 1 61 0
 348 01b6 0323     		mov	r3, #3
 349              		.loc 1 56 0
 350 01b8 3730     		add	r0, r0, #55
 351              		.loc 1 61 0
 352 01ba 1C42     		tst	r4, r3
 353 01bc 06D0     		beq	.L28
ARM GAS  /cygdrive/c/Users/embedded/AppData/Local/Temp/ccKUKIdR.s 			page 10


 354              	.L26:
 355              		.loc 1 62 0
 356 01be 031C     		mov	r3, r0
 357 01c0 5843     		mul	r0, r3
 358              	.LVL20:
 359 01c2 FFF7FEFF 		bl	buzzerPlus
 360              		.loc 1 63 0
 361 01c6 1048     		ldr	r0, .L39
 362 01c8 FFF7FEFF 		bl	sleep
 363              	.LVL21:
 364              	.L28:
 365              		.loc 1 58 0
 366 01cc 013C     		sub	r4, r4, #1
 367 01ce 002C     		cmp	r4, #0
 368 01d0 F0D1     		bne	.L27
 369              		.loc 1 66 0
 370 01d2 0D48     		ldr	r0, .L39
 371              	.LVL22:
 372 01d4 FFF7FEFF 		bl	sleep
 373              		.loc 1 67 0
 374 01d8 0B48     		ldr	r0, .L39
 375 01da FFF7FEFF 		bl	sleep
 376 01de 0124     		mov	r4, #1
 377              	.LVL23:
 378 01e0 3820     		mov	r0, #56
 379              	.LVL24:
 380 01e2 04E0     		b	.L30
 381              	.L31:
 382 01e4 201C     		mov	r0, r4
 383              		.loc 1 71 0
 384 01e6 0323     		mov	r3, #3
 385              		.loc 1 67 0
 386 01e8 3730     		add	r0, r0, #55
 387              		.loc 1 71 0
 388 01ea 1C42     		tst	r4, r3
 389 01ec 06D0     		beq	.L32
 390              	.L30:
 391              		.loc 1 72 0
 392 01ee 031C     		mov	r3, r0
 393 01f0 5843     		mul	r0, r3
 394              	.LVL25:
 395 01f2 FFF7FEFF 		bl	buzzerPlus
 396              		.loc 1 73 0
 397 01f6 0448     		ldr	r0, .L39
 398 01f8 FFF7FEFF 		bl	sleep
 399              	.LVL26:
 400              	.L32:
 401              		.loc 1 68 0
 402 01fc 0134     		add	r4, r4, #1
 403 01fe 0A2C     		cmp	r4, #10
 404 0200 F0D9     		bls	.L31
 405              		.loc 1 76 0
 406              		@ sp needed for prologue
 407              	.LVL27:
 408 0202 10BC     		pop	{r4}
 409 0204 01BC     		pop	{r0}
 410 0206 0047     		bx	r0
ARM GAS  /cygdrive/c/Users/embedded/AppData/Local/Temp/ccKUKIdR.s 			page 11


 411              	.L40:
 412              		.align	2
 413              	.L39:
 414 0208 404B4C00 		.word	5000000
 415              	.LFE4:
 416              		.size	dzwiekiWojtka, .-dzwiekiWojtka
 417              		.align	2
 418              		.global	bleep
 419              		.code 16
 420              		.thumb_func
 421              		.type	bleep, %function
 422              	bleep:
 423              	.LFB2:
 424              		.loc 1 23 0
 425 020c F0B5     		push	{r4, r5, r6, r7, lr}
 426              	.LCFI6:
 427              	.LVL28:
 428              		.loc 1 23 0
 429 020e 0006     		lsl	r0, r0, #24
 430              	.LVL29:
 431 0210 070E     		lsr	r7, r0, #24
 432              	.LVL30:
 433 0212 0026     		mov	r6, #0
 434              	.LVL31:
 435 0214 15E0     		b	.L42
 436              	.LVL32:
 437              	.L43:
 438              		.loc 1 26 0
 439 0216 0025     		mov	r5, #0
 440              	.L44:
 441              		.loc 1 30 0
 442 0218 FA24     		mov	r4, #250
 443              		.loc 1 29 0
 444 021a 0120     		mov	r0, #1
 445              		.loc 1 30 0
 446 021c A400     		lsl	r4, r4, #2
 447              		.loc 1 29 0
 448 021e FFF7FEFF 		bl	setBuzzer
 449              		.loc 1 30 0
 450 0222 201C     		mov	r0, r4
 451 0224 FFF7FEFF 		bl	sleep
 452              		.loc 1 31 0
 453 0228 0020     		mov	r0, #0
 454 022a FFF7FEFF 		bl	setBuzzer
 455              		.loc 1 27 0
 456 022e 0135     		add	r5, r5, #1
 457              		.loc 1 32 0
 458 0230 201C     		mov	r0, r4
 459 0232 FFF7FEFF 		bl	sleep
 460              		.loc 1 27 0
 461 0236 A542     		cmp	r5, r4
 462 0238 EED1     		bne	.L44
 463              		.loc 1 34 0
 464 023a 0448     		ldr	r0, .L50
 465 023c FFF7FEFF 		bl	sleep
 466              		.loc 1 26 0
 467 0240 0136     		add	r6, r6, #1
ARM GAS  /cygdrive/c/Users/embedded/AppData/Local/Temp/ccKUKIdR.s 			page 12


 468              	.L42:
 469 0242 BE42     		cmp	r6, r7
 470 0244 E7D1     		bne	.L43
 471              		.loc 1 38 0
 472              		@ sp needed for prologue
 473              	.LVL33:
 474              	.LVL34:
 475              	.LVL35:
 476 0246 F0BC     		pop	{r4, r5, r6, r7}
 477 0248 01BC     		pop	{r0}
 478 024a 0047     		bx	r0
 479              	.L51:
 480              		.align	2
 481              	.L50:
 482 024c 80969800 		.word	10000000
 483              	.LFE2:
 484              		.size	bleep, .-bleep
 485              		.section	.debug_frame,"",%progbits
 486              	.Lframe0:
 487 0000 0C000000 		.4byte	.LECIE0-.LSCIE0
 488              	.LSCIE0:
 489 0004 FFFFFFFF 		.4byte	0xffffffff
 490 0008 01       		.byte	0x1
 491 0009 00       		.ascii	"\000"
 492 000a 01       		.uleb128 0x1
 493 000b 7C       		.sleb128 -4
 494 000c 0E       		.byte	0xe
 495 000d 0C       		.byte	0xc
 496 000e 0D       		.uleb128 0xd
 497 000f 00       		.uleb128 0x0
 498              		.align	2
 499              	.LECIE0:
 500              	.LSFDE0:
 501 0010 0C000000 		.4byte	.LEFDE0-.LASFDE0
 502              	.LASFDE0:
 503 0014 00000000 		.4byte	.Lframe0
 504 0018 00000000 		.4byte	.LFB6
 505 001c 02000000 		.4byte	.LFE6-.LFB6
 506              		.align	2
 507              	.LEFDE0:
 508              	.LSFDE2:
 509 0020 1C000000 		.4byte	.LEFDE2-.LASFDE2
 510              	.LASFDE2:
 511 0024 00000000 		.4byte	.Lframe0
 512 0028 04000000 		.4byte	.LFB5
 513 002c 70000000 		.4byte	.LFE5-.LFB5
 514 0030 42       		.byte	0x4
 515              		.4byte	.LCFI0-.LFB5
 516 0031 0E       		.byte	0xe
 517 0032 14       		.uleb128 0x14
 518 0033 84       		.byte	0x84
 519 0034 05       		.uleb128 0x5
 520 0035 85       		.byte	0x85
 521 0036 04       		.uleb128 0x4
 522 0037 86       		.byte	0x86
 523 0038 03       		.uleb128 0x3
 524 0039 87       		.byte	0x87
ARM GAS  /cygdrive/c/Users/embedded/AppData/Local/Temp/ccKUKIdR.s 			page 13


 525 003a 02       		.uleb128 0x2
 526 003b 8E       		.byte	0x8e
 527 003c 01       		.uleb128 0x1
 528 003d 42       		.byte	0x4
 529              		.4byte	.LCFI1-.LCFI0
 530 003e 0E       		.byte	0xe
 531 003f 1C       		.uleb128 0x1c
 532              		.align	2
 533              	.LEFDE2:
 534              	.LSFDE4:
 535 0040 1C000000 		.4byte	.LEFDE4-.LASFDE4
 536              	.LASFDE4:
 537 0044 00000000 		.4byte	.Lframe0
 538 0048 74000000 		.4byte	.LFB7
 539 004c DC000000 		.4byte	.LFE7-.LFB7
 540 0050 42       		.byte	0x4
 541              		.4byte	.LCFI2-.LFB7
 542 0051 0E       		.byte	0xe
 543 0052 14       		.uleb128 0x14
 544 0053 84       		.byte	0x84
 545 0054 05       		.uleb128 0x5
 546 0055 85       		.byte	0x85
 547 0056 04       		.uleb128 0x4
 548 0057 86       		.byte	0x86
 549 0058 03       		.uleb128 0x3
 550 0059 87       		.byte	0x87
 551 005a 02       		.uleb128 0x2
 552 005b 8E       		.byte	0x8e
 553 005c 01       		.uleb128 0x1
 554 005d 000000   		.align	2
 555              	.LEFDE4:
 556              	.LSFDE6:
 557 0060 14000000 		.4byte	.LEFDE6-.LASFDE6
 558              	.LASFDE6:
 559 0064 00000000 		.4byte	.Lframe0
 560 0068 50010000 		.4byte	.LFB8
 561 006c 20000000 		.4byte	.LFE8-.LFB8
 562 0070 42       		.byte	0x4
 563              		.4byte	.LCFI3-.LFB8
 564 0071 0E       		.byte	0xe
 565 0072 04       		.uleb128 0x4
 566 0073 8E       		.byte	0x8e
 567 0074 01       		.uleb128 0x1
 568 0075 000000   		.align	2
 569              	.LEFDE6:
 570              	.LSFDE8:
 571 0078 18000000 		.4byte	.LEFDE8-.LASFDE8
 572              	.LASFDE8:
 573 007c 00000000 		.4byte	.Lframe0
 574 0080 70010000 		.4byte	.LFB3
 575 0084 3C000000 		.4byte	.LFE3-.LFB3
 576 0088 42       		.byte	0x4
 577              		.4byte	.LCFI4-.LFB3
 578 0089 0E       		.byte	0xe
 579 008a 10       		.uleb128 0x10
 580 008b 84       		.byte	0x84
 581 008c 04       		.uleb128 0x4
ARM GAS  /cygdrive/c/Users/embedded/AppData/Local/Temp/ccKUKIdR.s 			page 14


 582 008d 85       		.byte	0x85
 583 008e 03       		.uleb128 0x3
 584 008f 86       		.byte	0x86
 585 0090 02       		.uleb128 0x2
 586 0091 8E       		.byte	0x8e
 587 0092 01       		.uleb128 0x1
 588 0093 00       		.align	2
 589              	.LEFDE8:
 590              	.LSFDE10:
 591 0094 14000000 		.4byte	.LEFDE10-.LASFDE10
 592              	.LASFDE10:
 593 0098 00000000 		.4byte	.Lframe0
 594 009c AC010000 		.4byte	.LFB4
 595 00a0 60000000 		.4byte	.LFE4-.LFB4
 596 00a4 42       		.byte	0x4
 597              		.4byte	.LCFI5-.LFB4
 598 00a5 0E       		.byte	0xe
 599 00a6 08       		.uleb128 0x8
 600 00a7 84       		.byte	0x84
 601 00a8 02       		.uleb128 0x2
 602 00a9 8E       		.byte	0x8e
 603 00aa 01       		.uleb128 0x1
 604 00ab 00       		.align	2
 605              	.LEFDE10:
 606              	.LSFDE12:
 607 00ac 1C000000 		.4byte	.LEFDE12-.LASFDE12
 608              	.LASFDE12:
 609 00b0 00000000 		.4byte	.Lframe0
 610 00b4 0C020000 		.4byte	.LFB2
 611 00b8 44000000 		.4byte	.LFE2-.LFB2
 612 00bc 42       		.byte	0x4
 613              		.4byte	.LCFI6-.LFB2
 614 00bd 0E       		.byte	0xe
 615 00be 14       		.uleb128 0x14
 616 00bf 84       		.byte	0x84
 617 00c0 05       		.uleb128 0x5
 618 00c1 85       		.byte	0x85
 619 00c2 04       		.uleb128 0x4
 620 00c3 86       		.byte	0x86
 621 00c4 03       		.uleb128 0x3
 622 00c5 87       		.byte	0x87
 623 00c6 02       		.uleb128 0x2
 624 00c7 8E       		.byte	0x8e
 625 00c8 01       		.uleb128 0x1
 626 00c9 000000   		.align	2
 627              	.LEFDE12:
 628              		.file 2 "./startup/../pre_emptive_os/api/../api/general.h"
 629              		.text
 630              	.Letext0:
 631              		.section	.debug_loc,"",%progbits
 632              	.Ldebug_loc0:
 633              	.LLST1:
 634 0000 04000000 		.4byte	.LFB5-.Ltext0
 635 0004 06000000 		.4byte	.LCFI0-.Ltext0
 636 0008 0100     		.2byte	0x1
 637 000a 5D       		.byte	0x5d
 638 000b 06000000 		.4byte	.LCFI0-.Ltext0
ARM GAS  /cygdrive/c/Users/embedded/AppData/Local/Temp/ccKUKIdR.s 			page 15


 639 000f 08000000 		.4byte	.LCFI1-.Ltext0
 640 0013 0200     		.2byte	0x2
 641 0015 7D       		.byte	0x7d
 642 0016 14       		.sleb128 20
 643 0017 08000000 		.4byte	.LCFI1-.Ltext0
 644 001b 74000000 		.4byte	.LFE5-.Ltext0
 645 001f 0200     		.2byte	0x2
 646 0021 7D       		.byte	0x7d
 647 0022 1C       		.sleb128 28
 648 0023 00000000 		.4byte	0x0
 649 0027 00000000 		.4byte	0x0
 650              	.LLST2:
 651 002b 06000000 		.4byte	.LVL0-.Ltext0
 652 002f 10000000 		.4byte	.LVL2-.Ltext0
 653 0033 0100     		.2byte	0x1
 654 0035 50       		.byte	0x50
 655 0036 10000000 		.4byte	.LVL2-.Ltext0
 656 003a 40000000 		.4byte	.LVL4-.Ltext0
 657 003e 0100     		.2byte	0x1
 658 0040 54       		.byte	0x54
 659 0041 00000000 		.4byte	0x0
 660 0045 00000000 		.4byte	0x0
 661              	.LLST3:
 662 0049 06000000 		.4byte	.LVL0-.Ltext0
 663 004d 0E000000 		.4byte	.LVL1-.Ltext0
 664 0051 0100     		.2byte	0x1
 665 0053 51       		.byte	0x51
 666 0054 0E000000 		.4byte	.LVL1-.Ltext0
 667 0058 42000000 		.4byte	.LVL5-.Ltext0
 668 005c 0100     		.2byte	0x1
 669 005e 55       		.byte	0x55
 670 005f 00000000 		.4byte	0x0
 671 0063 00000000 		.4byte	0x0
 672              	.LLST4:
 673 0067 06000000 		.4byte	.LVL0-.Ltext0
 674 006b 16000000 		.4byte	.LVL3-.Ltext0
 675 006f 0100     		.2byte	0x1
 676 0071 52       		.byte	0x52
 677 0072 16000000 		.4byte	.LVL3-.Ltext0
 678 0076 66000000 		.4byte	.LVL7-.Ltext0
 679 007a 0100     		.2byte	0x1
 680 007c 57       		.byte	0x57
 681 007d 00000000 		.4byte	0x0
 682 0081 00000000 		.4byte	0x0
 683              	.LLST5:
 684 0085 40000000 		.4byte	.LVL4-.Ltext0
 685 0089 66000000 		.4byte	.LVL6-.Ltext0
 686 008d 0100     		.2byte	0x1
 687 008f 54       		.byte	0x54
 688 0090 00000000 		.4byte	0x0
 689 0094 00000000 		.4byte	0x0
 690              	.LLST6:
 691 0098 74000000 		.4byte	.LFB7-.Ltext0
 692 009c 76000000 		.4byte	.LCFI2-.Ltext0
 693 00a0 0100     		.2byte	0x1
 694 00a2 5D       		.byte	0x5d
 695 00a3 76000000 		.4byte	.LCFI2-.Ltext0
ARM GAS  /cygdrive/c/Users/embedded/AppData/Local/Temp/ccKUKIdR.s 			page 16


 696 00a7 50010000 		.4byte	.LFE7-.Ltext0
 697 00ab 0200     		.2byte	0x2
 698 00ad 7D       		.byte	0x7d
 699 00ae 14       		.sleb128 20
 700 00af 00000000 		.4byte	0x0
 701 00b3 00000000 		.4byte	0x0
 702              	.LLST7:
 703 00b7 76000000 		.4byte	.LVL8-.Ltext0
 704 00bb 84000000 		.4byte	.LVL9-.Ltext0
 705 00bf 0100     		.2byte	0x1
 706 00c1 50       		.byte	0x50
 707 00c2 84000000 		.4byte	.LVL9-.Ltext0
 708 00c6 88000000 		.4byte	.LVL10-.Ltext0
 709 00ca 0100     		.2byte	0x1
 710 00cc 52       		.byte	0x52
 711 00cd 88000000 		.4byte	.LVL10-.Ltext0
 712 00d1 24010000 		.4byte	.LVL11-.Ltext0
 713 00d5 0100     		.2byte	0x1
 714 00d7 54       		.byte	0x54
 715 00d8 00000000 		.4byte	0x0
 716 00dc 00000000 		.4byte	0x0
 717              	.LLST8:
 718 00e0 50010000 		.4byte	.LFB8-.Ltext0
 719 00e4 52010000 		.4byte	.LCFI3-.Ltext0
 720 00e8 0100     		.2byte	0x1
 721 00ea 5D       		.byte	0x5d
 722 00eb 52010000 		.4byte	.LCFI3-.Ltext0
 723 00ef 70010000 		.4byte	.LFE8-.Ltext0
 724 00f3 0200     		.2byte	0x2
 725 00f5 7D       		.byte	0x7d
 726 00f6 04       		.sleb128 4
 727 00f7 00000000 		.4byte	0x0
 728 00fb 00000000 		.4byte	0x0
 729              	.LLST9:
 730 00ff 70010000 		.4byte	.LFB3-.Ltext0
 731 0103 72010000 		.4byte	.LCFI4-.Ltext0
 732 0107 0100     		.2byte	0x1
 733 0109 5D       		.byte	0x5d
 734 010a 72010000 		.4byte	.LCFI4-.Ltext0
 735 010e AC010000 		.4byte	.LFE3-.Ltext0
 736 0112 0200     		.2byte	0x2
 737 0114 7D       		.byte	0x7d
 738 0115 10       		.sleb128 16
 739 0116 00000000 		.4byte	0x0
 740 011a 00000000 		.4byte	0x0
 741              	.LLST10:
 742 011e 72010000 		.4byte	.LVL12-.Ltext0
 743 0122 78010000 		.4byte	.LVL13-.Ltext0
 744 0126 0100     		.2byte	0x1
 745 0128 50       		.byte	0x50
 746 0129 78010000 		.4byte	.LVL13-.Ltext0
 747 012d 7C010000 		.4byte	.LVL14-.Ltext0
 748 0131 0100     		.2byte	0x1
 749 0133 51       		.byte	0x51
 750 0134 7C010000 		.4byte	.LVL14-.Ltext0
 751 0138 A0010000 		.4byte	.LVL16-.Ltext0
 752 013c 0100     		.2byte	0x1
ARM GAS  /cygdrive/c/Users/embedded/AppData/Local/Temp/ccKUKIdR.s 			page 17


 753 013e 54       		.byte	0x54
 754 013f 00000000 		.4byte	0x0
 755 0143 00000000 		.4byte	0x0
 756              	.LLST11:
 757 0147 7E010000 		.4byte	.LVL15-.Ltext0
 758 014b A0010000 		.4byte	.LVL17-.Ltext0
 759 014f 0100     		.2byte	0x1
 760 0151 55       		.byte	0x55
 761 0152 00000000 		.4byte	0x0
 762 0156 00000000 		.4byte	0x0
 763              	.LLST12:
 764 015a AC010000 		.4byte	.LFB4-.Ltext0
 765 015e AE010000 		.4byte	.LCFI5-.Ltext0
 766 0162 0100     		.2byte	0x1
 767 0164 5D       		.byte	0x5d
 768 0165 AE010000 		.4byte	.LCFI5-.Ltext0
 769 0169 0C020000 		.4byte	.LFE4-.Ltext0
 770 016d 0200     		.2byte	0x2
 771 016f 7D       		.byte	0x7d
 772 0170 08       		.sleb128 8
 773 0171 00000000 		.4byte	0x0
 774 0175 00000000 		.4byte	0x0
 775              	.LLST13:
 776 0179 B0010000 		.4byte	.LVL18-.Ltext0
 777 017d E0010000 		.4byte	.LVL23-.Ltext0
 778 0181 0100     		.2byte	0x1
 779 0183 54       		.byte	0x54
 780 0184 E0010000 		.4byte	.LVL23-.Ltext0
 781 0188 02020000 		.4byte	.LVL27-.Ltext0
 782 018c 0100     		.2byte	0x1
 783 018e 54       		.byte	0x54
 784 018f 00000000 		.4byte	0x0
 785 0193 00000000 		.4byte	0x0
 786              	.LLST14:
 787 0197 B2010000 		.4byte	.LVL19-.Ltext0
 788 019b C2010000 		.4byte	.LVL20-.Ltext0
 789 019f 0100     		.2byte	0x1
 790 01a1 50       		.byte	0x50
 791 01a2 CC010000 		.4byte	.LVL21-.Ltext0
 792 01a6 D4010000 		.4byte	.LVL22-.Ltext0
 793 01aa 0100     		.2byte	0x1
 794 01ac 50       		.byte	0x50
 795 01ad E2010000 		.4byte	.LVL24-.Ltext0
 796 01b1 F2010000 		.4byte	.LVL25-.Ltext0
 797 01b5 0100     		.2byte	0x1
 798 01b7 50       		.byte	0x50
 799 01b8 FC010000 		.4byte	.LVL26-.Ltext0
 800 01bc 0C020000 		.4byte	.LFE4-.Ltext0
 801 01c0 0100     		.2byte	0x1
 802 01c2 50       		.byte	0x50
 803 01c3 00000000 		.4byte	0x0
 804 01c7 00000000 		.4byte	0x0
 805              	.LLST15:
 806 01cb 0C020000 		.4byte	.LFB2-.Ltext0
 807 01cf 0E020000 		.4byte	.LCFI6-.Ltext0
 808 01d3 0100     		.2byte	0x1
 809 01d5 5D       		.byte	0x5d
ARM GAS  /cygdrive/c/Users/embedded/AppData/Local/Temp/ccKUKIdR.s 			page 18


 810 01d6 0E020000 		.4byte	.LCFI6-.Ltext0
 811 01da 50020000 		.4byte	.LFE2-.Ltext0
 812 01de 0200     		.2byte	0x2
 813 01e0 7D       		.byte	0x7d
 814 01e1 14       		.sleb128 20
 815 01e2 00000000 		.4byte	0x0
 816 01e6 00000000 		.4byte	0x0
 817              	.LLST16:
 818 01ea 0E020000 		.4byte	.LVL28-.Ltext0
 819 01ee 10020000 		.4byte	.LVL29-.Ltext0
 820 01f2 0100     		.2byte	0x1
 821 01f4 50       		.byte	0x50
 822 01f5 12020000 		.4byte	.LVL30-.Ltext0
 823 01f9 46020000 		.4byte	.LVL35-.Ltext0
 824 01fd 0100     		.2byte	0x1
 825 01ff 57       		.byte	0x57
 826 0200 00000000 		.4byte	0x0
 827 0204 00000000 		.4byte	0x0
 828              	.LLST17:
 829 0208 14020000 		.4byte	.LVL31-.Ltext0
 830 020c 46020000 		.4byte	.LVL34-.Ltext0
 831 0210 0100     		.2byte	0x1
 832 0212 56       		.byte	0x56
 833 0213 00000000 		.4byte	0x0
 834 0217 00000000 		.4byte	0x0
 835              	.LLST18:
 836 021b 16020000 		.4byte	.LVL32-.Ltext0
 837 021f 46020000 		.4byte	.LVL33-.Ltext0
 838 0223 0100     		.2byte	0x1
 839 0225 55       		.byte	0x55
 840 0226 00000000 		.4byte	0x0
 841 022a 00000000 		.4byte	0x0
 842              		.section	.debug_info
 843 0000 E6010000 		.4byte	0x1e6
 844 0004 0200     		.2byte	0x2
 845 0006 00000000 		.4byte	.Ldebug_abbrev0
 846 000a 04       		.byte	0x4
 847 000b 01       		.uleb128 0x1
 848 000c 00000000 		.4byte	.Ldebug_line0
 849 0010 50020000 		.4byte	.Letext0
 850 0014 00000000 		.4byte	.Ltext0
 851 0018 92000000 		.4byte	.LASF15
 852 001c 01       		.byte	0x1
 853 001d 06000000 		.4byte	.LASF16
 854 0021 0E000000 		.4byte	.LASF17
 855 0025 02       		.uleb128 0x2
 856 0026 74553800 		.ascii	"tU8\000"
 857 002a 02       		.byte	0x2
 858 002b 47       		.byte	0x47
 859 002c 30000000 		.4byte	0x30
 860 0030 03       		.uleb128 0x3
 861 0031 39000000 		.4byte	.LASF0
 862 0035 01       		.byte	0x1
 863 0036 08       		.byte	0x8
 864 0037 03       		.uleb128 0x3
 865 0038 5F000000 		.4byte	.LASF1
 866 003c 02       		.byte	0x2
ARM GAS  /cygdrive/c/Users/embedded/AppData/Local/Temp/ccKUKIdR.s 			page 19


 867 003d 07       		.byte	0x7
 868 003e 04       		.uleb128 0x4
 869 003f 9E000000 		.4byte	.LASF2
 870 0043 02       		.byte	0x2
 871 0044 49       		.byte	0x49
 872 0045 49000000 		.4byte	0x49
 873 0049 03       		.uleb128 0x3
 874 004a 85000000 		.4byte	.LASF3
 875 004e 04       		.byte	0x4
 876 004f 07       		.byte	0x7
 877 0050 03       		.uleb128 0x3
 878 0051 C9000000 		.4byte	.LASF4
 879 0055 01       		.byte	0x1
 880 0056 06       		.byte	0x6
 881 0057 03       		.uleb128 0x3
 882 0058 A3000000 		.4byte	.LASF5
 883 005c 02       		.byte	0x2
 884 005d 05       		.byte	0x5
 885 005e 05       		.uleb128 0x5
 886 005f 696E7400 		.ascii	"int\000"
 887 0063 04       		.byte	0x4
 888 0064 05       		.byte	0x5
 889 0065 03       		.uleb128 0x3
 890 0066 47000000 		.4byte	.LASF6
 891 006a 04       		.byte	0x4
 892 006b 07       		.byte	0x7
 893 006c 06       		.uleb128 0x6
 894 006d 01       		.byte	0x1
 895 006e C4000000 		.4byte	.LASF18
 896 0072 01       		.byte	0x1
 897 0073 5D       		.byte	0x5d
 898 0074 00000000 		.4byte	.LFB6
 899 0078 02000000 		.4byte	.LFE6
 900 007c 01       		.byte	0x1
 901 007d 5D       		.byte	0x5d
 902 007e 07       		.uleb128 0x7
 903 007f E6000000 		.4byte	0xe6
 904 0083 01       		.byte	0x1
 905 0084 00000000 		.4byte	.LASF11
 906 0088 01       		.byte	0x1
 907 0089 4F       		.byte	0x4f
 908 008a 01       		.byte	0x1
 909 008b 04000000 		.4byte	.LFB5
 910 008f 74000000 		.4byte	.LFE5
 911 0093 00000000 		.4byte	.LLST1
 912 0097 08       		.uleb128 0x8
 913 0098 72000000 		.4byte	.LASF7
 914 009c 01       		.byte	0x1
 915 009d 4F       		.byte	0x4f
 916 009e 3E000000 		.4byte	0x3e
 917 00a2 2B000000 		.4byte	.LLST2
 918 00a6 08       		.uleb128 0x8
 919 00a7 D5000000 		.4byte	.LASF8
 920 00ab 01       		.byte	0x1
 921 00ac 4F       		.byte	0x4f
 922 00ad 3E000000 		.4byte	0x3e
 923 00b1 49000000 		.4byte	.LLST3
ARM GAS  /cygdrive/c/Users/embedded/AppData/Local/Temp/ccKUKIdR.s 			page 20


 924 00b5 08       		.uleb128 0x8
 925 00b6 DC000000 		.4byte	.LASF9
 926 00ba 01       		.byte	0x1
 927 00bb 4F       		.byte	0x4f
 928 00bc 3E000000 		.4byte	0x3e
 929 00c0 67000000 		.4byte	.LLST4
 930 00c4 09       		.uleb128 0x9
 931 00c5 7400     		.ascii	"t\000"
 932 00c7 01       		.byte	0x1
 933 00c8 52       		.byte	0x52
 934 00c9 3E000000 		.4byte	0x3e
 935 00cd 0A       		.uleb128 0xa
 936 00ce 6A00     		.ascii	"j\000"
 937 00d0 01       		.byte	0x1
 938 00d1 53       		.byte	0x53
 939 00d2 3E000000 		.4byte	0x3e
 940 00d6 85000000 		.4byte	.LLST5
 941 00da 0B       		.uleb128 0xb
 942 00db AD000000 		.4byte	.LASF10
 943 00df 01       		.byte	0x1
 944 00e0 54       		.byte	0x54
 945 00e1 3E000000 		.4byte	0x3e
 946 00e5 00       		.byte	0x0
 947 00e6 0C       		.uleb128 0xc
 948 00e7 0F010000 		.4byte	0x10f
 949 00eb 01       		.byte	0x1
 950 00ec 72656600 		.ascii	"ref\000"
 951 00f0 01       		.byte	0x1
 952 00f1 72       		.byte	0x72
 953 00f2 01       		.byte	0x1
 954 00f3 74000000 		.4byte	.LFB7
 955 00f7 50010000 		.4byte	.LFE7
 956 00fb 98000000 		.4byte	.LLST6
 957 00ff 08       		.uleb128 0x8
 958 0100 DC000000 		.4byte	.LASF9
 959 0104 01       		.byte	0x1
 960 0105 72       		.byte	0x72
 961 0106 3E000000 		.4byte	0x3e
 962 010a B7000000 		.4byte	.LLST7
 963 010e 00       		.byte	0x0
 964 010f 07       		.uleb128 0x7
 965 0110 32010000 		.4byte	0x132
 966 0114 01       		.byte	0x1
 967 0115 59000000 		.4byte	.LASF12
 968 0119 01       		.byte	0x1
 969 011a 89       		.byte	0x89
 970 011b 01       		.byte	0x1
 971 011c 50010000 		.4byte	.LFB8
 972 0120 70010000 		.4byte	.LFE8
 973 0124 E0000000 		.4byte	.LLST8
 974 0128 09       		.uleb128 0x9
 975 0129 6A00     		.ascii	"j\000"
 976 012b 01       		.byte	0x1
 977 012c 92       		.byte	0x92
 978 012d 3E000000 		.4byte	0x3e
 979 0131 00       		.byte	0x0
 980 0132 07       		.uleb128 0x7
ARM GAS  /cygdrive/c/Users/embedded/AppData/Local/Temp/ccKUKIdR.s 			page 21


 981 0133 66010000 		.4byte	0x166
 982 0137 01       		.byte	0x1
 983 0138 B9000000 		.4byte	.LASF13
 984 013c 01       		.byte	0x1
 985 013d 2A       		.byte	0x2a
 986 013e 01       		.byte	0x1
 987 013f 70010000 		.4byte	.LFB3
 988 0143 AC010000 		.4byte	.LFE3
 989 0147 FF000000 		.4byte	.LLST9
 990 014b 0D       		.uleb128 0xd
 991 014c 6B00     		.ascii	"k\000"
 992 014e 01       		.byte	0x1
 993 014f 2A       		.byte	0x2a
 994 0150 3E000000 		.4byte	0x3e
 995 0154 1E010000 		.4byte	.LLST10
 996 0158 0A       		.uleb128 0xa
 997 0159 6A00     		.ascii	"j\000"
 998 015b 01       		.byte	0x1
 999 015c 2C       		.byte	0x2c
 1000 015d 3E000000 		.4byte	0x3e
 1001 0161 47010000 		.4byte	.LLST11
 1002 0165 00       		.byte	0x0
 1003 0166 07       		.uleb128 0x7
 1004 0167 AC010000 		.4byte	0x1ac
 1005 016b 01       		.byte	0x1
 1006 016c 77000000 		.4byte	.LASF14
 1007 0170 01       		.byte	0x1
 1008 0171 38       		.byte	0x38
 1009 0172 01       		.byte	0x1
 1010 0173 AC010000 		.4byte	.LFB4
 1011 0177 0C020000 		.4byte	.LFE4
 1012 017b 5A010000 		.4byte	.LLST12
 1013 017f 0A       		.uleb128 0xa
 1014 0180 6A00     		.ascii	"j\000"
 1015 0182 01       		.byte	0x1
 1016 0183 39       		.byte	0x39
 1017 0184 3E000000 		.4byte	0x3e
 1018 0188 79010000 		.4byte	.LLST13
 1019 018c 0A       		.uleb128 0xa
 1020 018d 6900     		.ascii	"i\000"
 1021 018f 01       		.byte	0x1
 1022 0190 39       		.byte	0x39
 1023 0191 3E000000 		.4byte	0x3e
 1024 0195 97010000 		.4byte	.LLST14
 1025 0199 09       		.uleb128 0x9
 1026 019a 6100     		.ascii	"a\000"
 1027 019c 01       		.byte	0x1
 1028 019d 39       		.byte	0x39
 1029 019e 3E000000 		.4byte	0x3e
 1030 01a2 09       		.uleb128 0x9
 1031 01a3 7000     		.ascii	"p\000"
 1032 01a5 01       		.byte	0x1
 1033 01a6 39       		.byte	0x39
 1034 01a7 3E000000 		.4byte	0x3e
 1035 01ab 00       		.byte	0x0
 1036 01ac 0E       		.uleb128 0xe
 1037 01ad 01       		.byte	0x1
ARM GAS  /cygdrive/c/Users/embedded/AppData/Local/Temp/ccKUKIdR.s 			page 22


 1038 01ae B3000000 		.4byte	.LASF19
 1039 01b2 01       		.byte	0x1
 1040 01b3 17       		.byte	0x17
 1041 01b4 01       		.byte	0x1
 1042 01b5 0C020000 		.4byte	.LFB2
 1043 01b9 50020000 		.4byte	.LFE2
 1044 01bd CB010000 		.4byte	.LLST15
 1045 01c1 0D       		.uleb128 0xd
 1046 01c2 6B00     		.ascii	"k\000"
 1047 01c4 01       		.byte	0x1
 1048 01c5 17       		.byte	0x17
 1049 01c6 25000000 		.4byte	0x25
 1050 01ca EA010000 		.4byte	.LLST16
 1051 01ce 0A       		.uleb128 0xa
 1052 01cf 6900     		.ascii	"i\000"
 1053 01d1 01       		.byte	0x1
 1054 01d2 19       		.byte	0x19
 1055 01d3 3E000000 		.4byte	0x3e
 1056 01d7 08020000 		.4byte	.LLST17
 1057 01db 0A       		.uleb128 0xa
 1058 01dc 6A00     		.ascii	"j\000"
 1059 01de 01       		.byte	0x1
 1060 01df 19       		.byte	0x19
 1061 01e0 3E000000 		.4byte	0x3e
 1062 01e4 1B020000 		.4byte	.LLST18
 1063 01e8 00       		.byte	0x0
 1064 01e9 00       		.byte	0x0
 1065              		.section	.debug_abbrev
 1066 0000 01       		.uleb128 0x1
 1067 0001 11       		.uleb128 0x11
 1068 0002 01       		.byte	0x1
 1069 0003 10       		.uleb128 0x10
 1070 0004 06       		.uleb128 0x6
 1071 0005 12       		.uleb128 0x12
 1072 0006 01       		.uleb128 0x1
 1073 0007 11       		.uleb128 0x11
 1074 0008 01       		.uleb128 0x1
 1075 0009 25       		.uleb128 0x25
 1076 000a 0E       		.uleb128 0xe
 1077 000b 13       		.uleb128 0x13
 1078 000c 0B       		.uleb128 0xb
 1079 000d 03       		.uleb128 0x3
 1080 000e 0E       		.uleb128 0xe
 1081 000f 1B       		.uleb128 0x1b
 1082 0010 0E       		.uleb128 0xe
 1083 0011 00       		.byte	0x0
 1084 0012 00       		.byte	0x0
 1085 0013 02       		.uleb128 0x2
 1086 0014 16       		.uleb128 0x16
 1087 0015 00       		.byte	0x0
 1088 0016 03       		.uleb128 0x3
 1089 0017 08       		.uleb128 0x8
 1090 0018 3A       		.uleb128 0x3a
 1091 0019 0B       		.uleb128 0xb
 1092 001a 3B       		.uleb128 0x3b
 1093 001b 0B       		.uleb128 0xb
 1094 001c 49       		.uleb128 0x49
ARM GAS  /cygdrive/c/Users/embedded/AppData/Local/Temp/ccKUKIdR.s 			page 23


 1095 001d 13       		.uleb128 0x13
 1096 001e 00       		.byte	0x0
 1097 001f 00       		.byte	0x0
 1098 0020 03       		.uleb128 0x3
 1099 0021 24       		.uleb128 0x24
 1100 0022 00       		.byte	0x0
 1101 0023 03       		.uleb128 0x3
 1102 0024 0E       		.uleb128 0xe
 1103 0025 0B       		.uleb128 0xb
 1104 0026 0B       		.uleb128 0xb
 1105 0027 3E       		.uleb128 0x3e
 1106 0028 0B       		.uleb128 0xb
 1107 0029 00       		.byte	0x0
 1108 002a 00       		.byte	0x0
 1109 002b 04       		.uleb128 0x4
 1110 002c 16       		.uleb128 0x16
 1111 002d 00       		.byte	0x0
 1112 002e 03       		.uleb128 0x3
 1113 002f 0E       		.uleb128 0xe
 1114 0030 3A       		.uleb128 0x3a
 1115 0031 0B       		.uleb128 0xb
 1116 0032 3B       		.uleb128 0x3b
 1117 0033 0B       		.uleb128 0xb
 1118 0034 49       		.uleb128 0x49
 1119 0035 13       		.uleb128 0x13
 1120 0036 00       		.byte	0x0
 1121 0037 00       		.byte	0x0
 1122 0038 05       		.uleb128 0x5
 1123 0039 24       		.uleb128 0x24
 1124 003a 00       		.byte	0x0
 1125 003b 03       		.uleb128 0x3
 1126 003c 08       		.uleb128 0x8
 1127 003d 0B       		.uleb128 0xb
 1128 003e 0B       		.uleb128 0xb
 1129 003f 3E       		.uleb128 0x3e
 1130 0040 0B       		.uleb128 0xb
 1131 0041 00       		.byte	0x0
 1132 0042 00       		.byte	0x0
 1133 0043 06       		.uleb128 0x6
 1134 0044 2E       		.uleb128 0x2e
 1135 0045 00       		.byte	0x0
 1136 0046 3F       		.uleb128 0x3f
 1137 0047 0C       		.uleb128 0xc
 1138 0048 03       		.uleb128 0x3
 1139 0049 0E       		.uleb128 0xe
 1140 004a 3A       		.uleb128 0x3a
 1141 004b 0B       		.uleb128 0xb
 1142 004c 3B       		.uleb128 0x3b
 1143 004d 0B       		.uleb128 0xb
 1144 004e 11       		.uleb128 0x11
 1145 004f 01       		.uleb128 0x1
 1146 0050 12       		.uleb128 0x12
 1147 0051 01       		.uleb128 0x1
 1148 0052 40       		.uleb128 0x40
 1149 0053 0A       		.uleb128 0xa
 1150 0054 00       		.byte	0x0
 1151 0055 00       		.byte	0x0
ARM GAS  /cygdrive/c/Users/embedded/AppData/Local/Temp/ccKUKIdR.s 			page 24


 1152 0056 07       		.uleb128 0x7
 1153 0057 2E       		.uleb128 0x2e
 1154 0058 01       		.byte	0x1
 1155 0059 01       		.uleb128 0x1
 1156 005a 13       		.uleb128 0x13
 1157 005b 3F       		.uleb128 0x3f
 1158 005c 0C       		.uleb128 0xc
 1159 005d 03       		.uleb128 0x3
 1160 005e 0E       		.uleb128 0xe
 1161 005f 3A       		.uleb128 0x3a
 1162 0060 0B       		.uleb128 0xb
 1163 0061 3B       		.uleb128 0x3b
 1164 0062 0B       		.uleb128 0xb
 1165 0063 27       		.uleb128 0x27
 1166 0064 0C       		.uleb128 0xc
 1167 0065 11       		.uleb128 0x11
 1168 0066 01       		.uleb128 0x1
 1169 0067 12       		.uleb128 0x12
 1170 0068 01       		.uleb128 0x1
 1171 0069 40       		.uleb128 0x40
 1172 006a 06       		.uleb128 0x6
 1173 006b 00       		.byte	0x0
 1174 006c 00       		.byte	0x0
 1175 006d 08       		.uleb128 0x8
 1176 006e 05       		.uleb128 0x5
 1177 006f 00       		.byte	0x0
 1178 0070 03       		.uleb128 0x3
 1179 0071 0E       		.uleb128 0xe
 1180 0072 3A       		.uleb128 0x3a
 1181 0073 0B       		.uleb128 0xb
 1182 0074 3B       		.uleb128 0x3b
 1183 0075 0B       		.uleb128 0xb
 1184 0076 49       		.uleb128 0x49
 1185 0077 13       		.uleb128 0x13
 1186 0078 02       		.uleb128 0x2
 1187 0079 06       		.uleb128 0x6
 1188 007a 00       		.byte	0x0
 1189 007b 00       		.byte	0x0
 1190 007c 09       		.uleb128 0x9
 1191 007d 34       		.uleb128 0x34
 1192 007e 00       		.byte	0x0
 1193 007f 03       		.uleb128 0x3
 1194 0080 08       		.uleb128 0x8
 1195 0081 3A       		.uleb128 0x3a
 1196 0082 0B       		.uleb128 0xb
 1197 0083 3B       		.uleb128 0x3b
 1198 0084 0B       		.uleb128 0xb
 1199 0085 49       		.uleb128 0x49
 1200 0086 13       		.uleb128 0x13
 1201 0087 00       		.byte	0x0
 1202 0088 00       		.byte	0x0
 1203 0089 0A       		.uleb128 0xa
 1204 008a 34       		.uleb128 0x34
 1205 008b 00       		.byte	0x0
 1206 008c 03       		.uleb128 0x3
 1207 008d 08       		.uleb128 0x8
 1208 008e 3A       		.uleb128 0x3a
ARM GAS  /cygdrive/c/Users/embedded/AppData/Local/Temp/ccKUKIdR.s 			page 25


 1209 008f 0B       		.uleb128 0xb
 1210 0090 3B       		.uleb128 0x3b
 1211 0091 0B       		.uleb128 0xb
 1212 0092 49       		.uleb128 0x49
 1213 0093 13       		.uleb128 0x13
 1214 0094 02       		.uleb128 0x2
 1215 0095 06       		.uleb128 0x6
 1216 0096 00       		.byte	0x0
 1217 0097 00       		.byte	0x0
 1218 0098 0B       		.uleb128 0xb
 1219 0099 34       		.uleb128 0x34
 1220 009a 00       		.byte	0x0
 1221 009b 03       		.uleb128 0x3
 1222 009c 0E       		.uleb128 0xe
 1223 009d 3A       		.uleb128 0x3a
 1224 009e 0B       		.uleb128 0xb
 1225 009f 3B       		.uleb128 0x3b
 1226 00a0 0B       		.uleb128 0xb
 1227 00a1 49       		.uleb128 0x49
 1228 00a2 13       		.uleb128 0x13
 1229 00a3 00       		.byte	0x0
 1230 00a4 00       		.byte	0x0
 1231 00a5 0C       		.uleb128 0xc
 1232 00a6 2E       		.uleb128 0x2e
 1233 00a7 01       		.byte	0x1
 1234 00a8 01       		.uleb128 0x1
 1235 00a9 13       		.uleb128 0x13
 1236 00aa 3F       		.uleb128 0x3f
 1237 00ab 0C       		.uleb128 0xc
 1238 00ac 03       		.uleb128 0x3
 1239 00ad 08       		.uleb128 0x8
 1240 00ae 3A       		.uleb128 0x3a
 1241 00af 0B       		.uleb128 0xb
 1242 00b0 3B       		.uleb128 0x3b
 1243 00b1 0B       		.uleb128 0xb
 1244 00b2 27       		.uleb128 0x27
 1245 00b3 0C       		.uleb128 0xc
 1246 00b4 11       		.uleb128 0x11
 1247 00b5 01       		.uleb128 0x1
 1248 00b6 12       		.uleb128 0x12
 1249 00b7 01       		.uleb128 0x1
 1250 00b8 40       		.uleb128 0x40
 1251 00b9 06       		.uleb128 0x6
 1252 00ba 00       		.byte	0x0
 1253 00bb 00       		.byte	0x0
 1254 00bc 0D       		.uleb128 0xd
 1255 00bd 05       		.uleb128 0x5
 1256 00be 00       		.byte	0x0
 1257 00bf 03       		.uleb128 0x3
 1258 00c0 08       		.uleb128 0x8
 1259 00c1 3A       		.uleb128 0x3a
 1260 00c2 0B       		.uleb128 0xb
 1261 00c3 3B       		.uleb128 0x3b
 1262 00c4 0B       		.uleb128 0xb
 1263 00c5 49       		.uleb128 0x49
 1264 00c6 13       		.uleb128 0x13
 1265 00c7 02       		.uleb128 0x2
ARM GAS  /cygdrive/c/Users/embedded/AppData/Local/Temp/ccKUKIdR.s 			page 26


 1266 00c8 06       		.uleb128 0x6
 1267 00c9 00       		.byte	0x0
 1268 00ca 00       		.byte	0x0
 1269 00cb 0E       		.uleb128 0xe
 1270 00cc 2E       		.uleb128 0x2e
 1271 00cd 01       		.byte	0x1
 1272 00ce 3F       		.uleb128 0x3f
 1273 00cf 0C       		.uleb128 0xc
 1274 00d0 03       		.uleb128 0x3
 1275 00d1 0E       		.uleb128 0xe
 1276 00d2 3A       		.uleb128 0x3a
 1277 00d3 0B       		.uleb128 0xb
 1278 00d4 3B       		.uleb128 0x3b
 1279 00d5 0B       		.uleb128 0xb
 1280 00d6 27       		.uleb128 0x27
 1281 00d7 0C       		.uleb128 0xc
 1282 00d8 11       		.uleb128 0x11
 1283 00d9 01       		.uleb128 0x1
 1284 00da 12       		.uleb128 0x12
 1285 00db 01       		.uleb128 0x1
 1286 00dc 40       		.uleb128 0x40
 1287 00dd 06       		.uleb128 0x6
 1288 00de 00       		.byte	0x0
 1289 00df 00       		.byte	0x0
 1290 00e0 00       		.byte	0x0
 1291              		.section	.debug_pubnames,"",%progbits
 1292 0000 5E000000 		.4byte	0x5e
 1293 0004 0200     		.2byte	0x2
 1294 0006 00000000 		.4byte	.Ldebug_info0
 1295 000a EA010000 		.4byte	0x1ea
 1296 000e 6C000000 		.4byte	0x6c
 1297 0012 65767279 		.ascii	"evry\000"
 1297      00
 1298 0017 7E000000 		.4byte	0x7e
 1299 001b 736F756E 		.ascii	"sound\000"
 1299      6400
 1300 0021 E6000000 		.4byte	0xe6
 1301 0025 72656600 		.ascii	"ref\000"
 1302 0029 0F010000 		.4byte	0x10f
 1303 002d 6D757369 		.ascii	"music\000"
 1303      6300
 1304 0033 32010000 		.4byte	0x132
 1305 0037 62757A7A 		.ascii	"buzzerPlus\000"
 1305      6572506C 
 1305      757300
 1306 0042 66010000 		.4byte	0x166
 1307 0046 647A7769 		.ascii	"dzwiekiWojtka\000"
 1307      656B6957 
 1307      6F6A746B 
 1307      6100
 1308 0054 AC010000 		.4byte	0x1ac
 1309 0058 626C6565 		.ascii	"bleep\000"
 1309      7000
 1310 005e 00000000 		.4byte	0x0
 1311              		.section	.debug_aranges,"",%progbits
 1312 0000 1C000000 		.4byte	0x1c
 1313 0004 0200     		.2byte	0x2
ARM GAS  /cygdrive/c/Users/embedded/AppData/Local/Temp/ccKUKIdR.s 			page 27


 1314 0006 00000000 		.4byte	.Ldebug_info0
 1315 000a 04       		.byte	0x4
 1316 000b 00       		.byte	0x0
 1317 000c 0000     		.2byte	0x0
 1318 000e 0000     		.2byte	0x0
 1319 0010 00000000 		.4byte	.Ltext0
 1320 0014 50020000 		.4byte	.Letext0-.Ltext0
 1321 0018 00000000 		.4byte	0x0
 1322 001c 00000000 		.4byte	0x0
 1323              		.section	.debug_str,"MS",%progbits,1
 1324              	.LASF11:
 1325 0000 736F756E 		.ascii	"sound\000"
 1325      6400
 1326              	.LASF16:
 1327 0006 6D757369 		.ascii	"music.c\000"
 1327      632E6300 
 1328              	.LASF17:
 1329 000e 2F637967 		.ascii	"/cygdrive/c/Users/embedded/Desktop/PROGRAM\000"
 1329      64726976 
 1329      652F632F 
 1329      55736572 
 1329      732F656D 
 1330              	.LASF0:
 1331 0039 756E7369 		.ascii	"unsigned char\000"
 1331      676E6564 
 1331      20636861 
 1331      7200
 1332              	.LASF6:
 1333 0047 6C6F6E67 		.ascii	"long unsigned int\000"
 1333      20756E73 
 1333      69676E65 
 1333      6420696E 
 1333      7400
 1334              	.LASF12:
 1335 0059 6D757369 		.ascii	"music\000"
 1335      6300
 1336              	.LASF1:
 1337 005f 73686F72 		.ascii	"short unsigned int\000"
 1337      7420756E 
 1337      7369676E 
 1337      65642069 
 1337      6E7400
 1338              	.LASF7:
 1339 0072 66726571 		.ascii	"freq\000"
 1339      00
 1340              	.LASF14:
 1341 0077 647A7769 		.ascii	"dzwiekiWojtka\000"
 1341      656B6957 
 1341      6F6A746B 
 1341      6100
 1342              	.LASF3:
 1343 0085 756E7369 		.ascii	"unsigned int\000"
 1343      676E6564 
 1343      20696E74 
 1343      00
 1344              	.LASF15:
 1345 0092 474E5520 		.ascii	"GNU C 4.1.1\000"
ARM GAS  /cygdrive/c/Users/embedded/AppData/Local/Temp/ccKUKIdR.s 			page 28


 1345      4320342E 
 1345      312E3100 
 1346              	.LASF2:
 1347 009e 74553332 		.ascii	"tU32\000"
 1347      00
 1348              	.LASF5:
 1349 00a3 73686F72 		.ascii	"short int\000"
 1349      7420696E 
 1349      7400
 1350              	.LASF10:
 1351 00ad 736B616C 		.ascii	"skala\000"
 1351      6100
 1352              	.LASF19:
 1353 00b3 626C6565 		.ascii	"bleep\000"
 1353      7000
 1354              	.LASF13:
 1355 00b9 62757A7A 		.ascii	"buzzerPlus\000"
 1355      6572506C 
 1355      757300
 1356              	.LASF18:
 1357 00c4 65767279 		.ascii	"evry\000"
 1357      00
 1358              	.LASF4:
 1359 00c9 7369676E 		.ascii	"signed char\000"
 1359      65642063 
 1359      68617200 
 1360              	.LASF8:
 1361 00d5 6C656E67 		.ascii	"lenght\000"
 1361      687400
 1362              	.LASF9:
 1363 00dc 766F6C75 		.ascii	"volume\000"
 1363      6D6500
 1364              		.ident	"GCC: (GNU) 4.1.1"
ARM GAS  /cygdrive/c/Users/embedded/AppData/Local/Temp/ccKUKIdR.s 			page 29


DEFINED SYMBOLS
                            *ABS*:00000000 music.c
/cygdrive/c/Users/embedded/AppData/Local/Temp/ccKUKIdR.s:1      .text:00000000 $t
/cygdrive/c/Users/embedded/AppData/Local/Temp/ccKUKIdR.s:16     .text:00000000 evry
/cygdrive/c/Users/embedded/AppData/Local/Temp/ccKUKIdR.s:32     .text:00000004 sound
/cygdrive/c/Users/embedded/AppData/Local/Temp/ccKUKIdR.s:114    .text:0000006c $d
/cygdrive/c/Users/embedded/AppData/Local/Temp/ccKUKIdR.s:123    .text:00000074 ref
/cygdrive/c/Users/embedded/AppData/Local/Temp/ccKUKIdR.s:120    .text:00000074 $t
/cygdrive/c/Users/embedded/AppData/Local/Temp/ccKUKIdR.s:234    .text:0000012c $d
/cygdrive/c/Users/embedded/AppData/Local/Temp/ccKUKIdR.s:250    .text:00000150 music
/cygdrive/c/Users/embedded/AppData/Local/Temp/ccKUKIdR.s:247    .text:00000150 $t
/cygdrive/c/Users/embedded/AppData/Local/Temp/ccKUKIdR.s:271    .text:00000168 $d
/cygdrive/c/Users/embedded/AppData/Local/Temp/ccKUKIdR.s:280    .text:00000170 buzzerPlus
/cygdrive/c/Users/embedded/AppData/Local/Temp/ccKUKIdR.s:277    .text:00000170 $t
/cygdrive/c/Users/embedded/AppData/Local/Temp/ccKUKIdR.s:326    .text:000001a8 $d
/cygdrive/c/Users/embedded/AppData/Local/Temp/ccKUKIdR.s:334    .text:000001ac dzwiekiWojtka
/cygdrive/c/Users/embedded/AppData/Local/Temp/ccKUKIdR.s:331    .text:000001ac $t
/cygdrive/c/Users/embedded/AppData/Local/Temp/ccKUKIdR.s:414    .text:00000208 $d
/cygdrive/c/Users/embedded/AppData/Local/Temp/ccKUKIdR.s:422    .text:0000020c bleep
/cygdrive/c/Users/embedded/AppData/Local/Temp/ccKUKIdR.s:419    .text:0000020c $t
/cygdrive/c/Users/embedded/AppData/Local/Temp/ccKUKIdR.s:482    .text:0000024c $d

UNDEFINED SYMBOLS
__udivsi3
setBuzzer
sleep
