ARM GAS  /cygdrive/c/Users/embedded/AppData/Local/Temp/ccy2Zcer.s 			page 1


   1              		.code	16
   2              		.file	"timer.c"
   3              		.section	.debug_abbrev,"",%progbits
   4              	.Ldebug_abbrev0:
   5              		.section	.debug_info,"",%progbits
   6              	.Ldebug_info0:
   7              		.section	.debug_line,"",%progbits
   8              	.Ldebug_line0:
   9 0000 6E000000 		.text
   9      02005200 
   9      00000201 
   9      FB0E0D00 
   9      01010101 
  10              	.Ltext0:
  11              		.align	2
  12              		.global	sleep
  13              		.code 16
  14              		.thumb_func
  15              		.type	sleep, %function
  16              	sleep:
  17              	.LFB2:
  18              		.file 1 "timer.c"
   1:timer.c       **** /******************************************************************************
   2:timer.c       ****  * File:
   3:timer.c       ****  *    TIMER.c
   4:timer.c       ****  *
   5:timer.c       ****  * Description:
   6:timer.c       ****  *    Timer: sleep function
   7:timer.c       ****  *
   8:timer.c       ****  *****************************************************************************/
   9:timer.c       **** 
  10:timer.c       **** /******************************************************************************
  11:timer.c       ****  * Includes
  12:timer.c       ****  *****************************************************************************/
  13:timer.c       **** #include "../pre_emptive_os/api/osapi.h"
  14:timer.c       **** #include "../pre_emptive_os/api/general.h"
  15:timer.c       **** #include <lpc2xxx.h>
  16:timer.c       **** 
  17:timer.c       **** #include "pins.h"
  18:timer.c       **** 
  19:timer.c       **** 
  20:timer.c       ****  void sleep (tU32 czas) { //milimilisekundy
  19              		.loc 1 20 0
  20              	.LVL0:
  21:timer.c       ****   TIMER1_TCR = 0x02;          //stop and reset timer
  21              		.loc 1 21 0
  22 0000 0B49     		ldr	r1, .L7
  23 0002 0223     		mov	r3, #2
  24 0004 0B60     		str	r3, [r1]
  22:timer.c       ****   TIMER1_PR  = 0x00;          //set prescaler to zero
  25              		.loc 1 22 0
  26 0006 0B4B     		ldr	r3, .L7+4
  27 0008 0022     		mov	r2, #0
  28 000a 1A60     		str	r2, [r3]
  23:timer.c       ****   TIMER1_MR0 = (147456 * 1 / 10000) * czas;
  29              		.loc 1 23 0
  30 000c C300     		lsl	r3, r0, #3
ARM GAS  /cygdrive/c/Users/embedded/AppData/Local/Temp/ccy2Zcer.s 			page 2


  31 000e 0A4A     		ldr	r2, .L7+8
  32 0010 1B1A     		sub	r3, r3, r0
  33 0012 5B00     		lsl	r3, r3, #1
  34 0014 1360     		str	r3, [r2]
  24:timer.c       ****   //TIMER1_MR0 = czas * ((FOSC * PLL_MUL)/ (1000000 * PBSD));
  25:timer.c       ****   TIMER1_IR  = 0xff;          //reset all interrrupt flags
  35              		.loc 1 25 0
  36 0016 094B     		ldr	r3, .L7+12
  37 0018 FF22     		mov	r2, #255
  38 001a 1A60     		str	r2, [r3]
  26:timer.c       ****   TIMER1_MCR = 0x04;          //stop timer on match
  39              		.loc 1 26 0
  40 001c 1433     		add	r3, r3, #20
  41 001e 0422     		mov	r2, #4
  42 0020 1A60     		str	r2, [r3]
  27:timer.c       ****   TIMER1_TCR = 0x01;          //start timer
  43              		.loc 1 27 0
  44 0022 0123     		mov	r3, #1
  45 0024 0B60     		str	r3, [r1]
  46              		.loc 1 20 0
  47              		@ lr needed for prologue
  48              	.L2:
  28:timer.c       ****   
  29:timer.c       ****   //wait until delay time has elapsed
  30:timer.c       ****   while (TIMER1_TCR & 0x01)
  49              		.loc 1 30 0
  50 0026 024B     		ldr	r3, .L7
  51 0028 1B68     		ldr	r3, [r3]
  52 002a DA07     		lsl	r2, r3, #31
  53 002c FBD4     		bmi	.L2
  31:timer.c       ****     ;
  32:timer.c       **** 
  33:timer.c       ****  }...
  54              		.loc 1 33 0
  55              		@ sp needed for prologue
  56 002e 7047     		bx	lr
  57              	.L8:
  58              		.align	2
  59              	.L7:
  60 0030 048000E0 		.word	-536838140
  61 0034 0C8000E0 		.word	-536838132
  62 0038 188000E0 		.word	-536838120
  63 003c 008000E0 		.word	-536838144
  64              	.LFE2:
  65              		.size	sleep, .-sleep
  66              		.section	.debug_frame,"",%progbits
  67              	.Lframe0:
  68 0000 0C000000 		.4byte	.LECIE0-.LSCIE0
  69              	.LSCIE0:
  70 0004 FFFFFFFF 		.4byte	0xffffffff
  71 0008 01       		.byte	0x1
  72 0009 00       		.ascii	"\000"
  73 000a 01       		.uleb128 0x1
  74 000b 7C       		.sleb128 -4
  75 000c 0E       		.byte	0xe
  76 000d 0C       		.byte	0xc
  77 000e 0D       		.uleb128 0xd
ARM GAS  /cygdrive/c/Users/embedded/AppData/Local/Temp/ccy2Zcer.s 			page 3


  78 000f 00       		.uleb128 0x0
  79              		.align	2
  80              	.LECIE0:
  81              	.LSFDE0:
  82 0010 0C000000 		.4byte	.LEFDE0-.LASFDE0
  83              	.LASFDE0:
  84 0014 00000000 		.4byte	.Lframe0
  85 0018 00000000 		.4byte	.LFB2
  86 001c 40000000 		.4byte	.LFE2-.LFB2
  87              		.align	2
  88              	.LEFDE0:
  89              		.file 2 "./startup/../pre_emptive_os/api/../api/general.h"
  90              		.text
  91              	.Letext0:
  92              		.section	.debug_info
  93 0000 7F000000 		.4byte	0x7f
  94 0004 0200     		.2byte	0x2
  95 0006 00000000 		.4byte	.Ldebug_abbrev0
  96 000a 04       		.byte	0x4
  97 000b 01       		.uleb128 0x1
  98 000c 00000000 		.4byte	.Ldebug_line0
  99 0010 40000000 		.4byte	.Letext0
 100 0014 00000000 		.4byte	.Ltext0
 101 0018 73000000 		.4byte	.LASF6
 102 001c 01       		.byte	0x1
 103 001d 00000000 		.4byte	.LASF7
 104 0021 28000000 		.4byte	.LASF8
 105 0025 02       		.uleb128 0x2
 106 0026 08000000 		.4byte	.LASF0
 107 002a 01       		.byte	0x1
 108 002b 08       		.byte	0x8
 109 002c 02       		.uleb128 0x2
 110 002d 53000000 		.4byte	.LASF1
 111 0031 02       		.byte	0x2
 112 0032 07       		.byte	0x7
 113 0033 03       		.uleb128 0x3
 114 0034 7F000000 		.4byte	.LASF9
 115 0038 02       		.byte	0x2
 116 0039 49       		.byte	0x49
 117 003a 3E000000 		.4byte	0x3e
 118 003e 02       		.uleb128 0x2
 119 003f 66000000 		.4byte	.LASF2
 120 0043 04       		.byte	0x4
 121 0044 07       		.byte	0x7
 122 0045 02       		.uleb128 0x2
 123 0046 93000000 		.4byte	.LASF3
 124 004a 01       		.byte	0x1
 125 004b 06       		.byte	0x6
 126 004c 02       		.uleb128 0x2
 127 004d 84000000 		.4byte	.LASF4
 128 0051 02       		.byte	0x2
 129 0052 05       		.byte	0x5
 130 0053 04       		.uleb128 0x4
 131 0054 696E7400 		.ascii	"int\000"
 132 0058 04       		.byte	0x4
 133 0059 05       		.byte	0x5
 134 005a 02       		.uleb128 0x2
ARM GAS  /cygdrive/c/Users/embedded/AppData/Local/Temp/ccy2Zcer.s 			page 4


 135 005b 16000000 		.4byte	.LASF5
 136 005f 04       		.byte	0x4
 137 0060 07       		.byte	0x7
 138 0061 05       		.uleb128 0x5
 139 0062 01       		.byte	0x1
 140 0063 9F000000 		.4byte	.LASF10
 141 0067 01       		.byte	0x1
 142 0068 14       		.byte	0x14
 143 0069 01       		.byte	0x1
 144 006a 00000000 		.4byte	.LFB2
 145 006e 40000000 		.4byte	.LFE2
 146 0072 01       		.byte	0x1
 147 0073 5D       		.byte	0x5d
 148 0074 06       		.uleb128 0x6
 149 0075 8E000000 		.4byte	.LASF11
 150 0079 01       		.byte	0x1
 151 007a 14       		.byte	0x14
 152 007b 33000000 		.4byte	0x33
 153 007f 01       		.byte	0x1
 154 0080 50       		.byte	0x50
 155 0081 00       		.byte	0x0
 156 0082 00       		.byte	0x0
 157              		.section	.debug_abbrev
 158 0000 01       		.uleb128 0x1
 159 0001 11       		.uleb128 0x11
 160 0002 01       		.byte	0x1
 161 0003 10       		.uleb128 0x10
 162 0004 06       		.uleb128 0x6
 163 0005 12       		.uleb128 0x12
 164 0006 01       		.uleb128 0x1
 165 0007 11       		.uleb128 0x11
 166 0008 01       		.uleb128 0x1
 167 0009 25       		.uleb128 0x25
 168 000a 0E       		.uleb128 0xe
 169 000b 13       		.uleb128 0x13
 170 000c 0B       		.uleb128 0xb
 171 000d 03       		.uleb128 0x3
 172 000e 0E       		.uleb128 0xe
 173 000f 1B       		.uleb128 0x1b
 174 0010 0E       		.uleb128 0xe
 175 0011 00       		.byte	0x0
 176 0012 00       		.byte	0x0
 177 0013 02       		.uleb128 0x2
 178 0014 24       		.uleb128 0x24
 179 0015 00       		.byte	0x0
 180 0016 03       		.uleb128 0x3
 181 0017 0E       		.uleb128 0xe
 182 0018 0B       		.uleb128 0xb
 183 0019 0B       		.uleb128 0xb
 184 001a 3E       		.uleb128 0x3e
 185 001b 0B       		.uleb128 0xb
 186 001c 00       		.byte	0x0
 187 001d 00       		.byte	0x0
 188 001e 03       		.uleb128 0x3
 189 001f 16       		.uleb128 0x16
 190 0020 00       		.byte	0x0
 191 0021 03       		.uleb128 0x3
ARM GAS  /cygdrive/c/Users/embedded/AppData/Local/Temp/ccy2Zcer.s 			page 5


 192 0022 0E       		.uleb128 0xe
 193 0023 3A       		.uleb128 0x3a
 194 0024 0B       		.uleb128 0xb
 195 0025 3B       		.uleb128 0x3b
 196 0026 0B       		.uleb128 0xb
 197 0027 49       		.uleb128 0x49
 198 0028 13       		.uleb128 0x13
 199 0029 00       		.byte	0x0
 200 002a 00       		.byte	0x0
 201 002b 04       		.uleb128 0x4
 202 002c 24       		.uleb128 0x24
 203 002d 00       		.byte	0x0
 204 002e 03       		.uleb128 0x3
 205 002f 08       		.uleb128 0x8
 206 0030 0B       		.uleb128 0xb
 207 0031 0B       		.uleb128 0xb
 208 0032 3E       		.uleb128 0x3e
 209 0033 0B       		.uleb128 0xb
 210 0034 00       		.byte	0x0
 211 0035 00       		.byte	0x0
 212 0036 05       		.uleb128 0x5
 213 0037 2E       		.uleb128 0x2e
 214 0038 01       		.byte	0x1
 215 0039 3F       		.uleb128 0x3f
 216 003a 0C       		.uleb128 0xc
 217 003b 03       		.uleb128 0x3
 218 003c 0E       		.uleb128 0xe
 219 003d 3A       		.uleb128 0x3a
 220 003e 0B       		.uleb128 0xb
 221 003f 3B       		.uleb128 0x3b
 222 0040 0B       		.uleb128 0xb
 223 0041 27       		.uleb128 0x27
 224 0042 0C       		.uleb128 0xc
 225 0043 11       		.uleb128 0x11
 226 0044 01       		.uleb128 0x1
 227 0045 12       		.uleb128 0x12
 228 0046 01       		.uleb128 0x1
 229 0047 40       		.uleb128 0x40
 230 0048 0A       		.uleb128 0xa
 231 0049 00       		.byte	0x0
 232 004a 00       		.byte	0x0
 233 004b 06       		.uleb128 0x6
 234 004c 05       		.uleb128 0x5
 235 004d 00       		.byte	0x0
 236 004e 03       		.uleb128 0x3
 237 004f 0E       		.uleb128 0xe
 238 0050 3A       		.uleb128 0x3a
 239 0051 0B       		.uleb128 0xb
 240 0052 3B       		.uleb128 0x3b
 241 0053 0B       		.uleb128 0xb
 242 0054 49       		.uleb128 0x49
 243 0055 13       		.uleb128 0x13
 244 0056 02       		.uleb128 0x2
 245 0057 0A       		.uleb128 0xa
 246 0058 00       		.byte	0x0
 247 0059 00       		.byte	0x0
 248 005a 00       		.byte	0x0
ARM GAS  /cygdrive/c/Users/embedded/AppData/Local/Temp/ccy2Zcer.s 			page 6


 249              		.section	.debug_pubnames,"",%progbits
 250 0000 18000000 		.4byte	0x18
 251 0004 0200     		.2byte	0x2
 252 0006 00000000 		.4byte	.Ldebug_info0
 253 000a 83000000 		.4byte	0x83
 254 000e 61000000 		.4byte	0x61
 255 0012 736C6565 		.ascii	"sleep\000"
 255      7000
 256 0018 00000000 		.4byte	0x0
 257              		.section	.debug_aranges,"",%progbits
 258 0000 1C000000 		.4byte	0x1c
 259 0004 0200     		.2byte	0x2
 260 0006 00000000 		.4byte	.Ldebug_info0
 261 000a 04       		.byte	0x4
 262 000b 00       		.byte	0x0
 263 000c 0000     		.2byte	0x0
 264 000e 0000     		.2byte	0x0
 265 0010 00000000 		.4byte	.Ltext0
 266 0014 40000000 		.4byte	.Letext0-.Ltext0
 267 0018 00000000 		.4byte	0x0
 268 001c 00000000 		.4byte	0x0
 269              		.section	.debug_str,"MS",%progbits,1
 270              	.LASF7:
 271 0000 74696D65 		.ascii	"timer.c\000"
 271      722E6300 
 272              	.LASF0:
 273 0008 756E7369 		.ascii	"unsigned char\000"
 273      676E6564 
 273      20636861 
 273      7200
 274              	.LASF5:
 275 0016 6C6F6E67 		.ascii	"long unsigned int\000"
 275      20756E73 
 275      69676E65 
 275      6420696E 
 275      7400
 276              	.LASF8:
 277 0028 2F637967 		.ascii	"/cygdrive/c/Users/embedded/Desktop/PROGRAM\000"
 277      64726976 
 277      652F632F 
 277      55736572 
 277      732F656D 
 278              	.LASF1:
 279 0053 73686F72 		.ascii	"short unsigned int\000"
 279      7420756E 
 279      7369676E 
 279      65642069 
 279      6E7400
 280              	.LASF2:
 281 0066 756E7369 		.ascii	"unsigned int\000"
 281      676E6564 
 281      20696E74 
 281      00
 282              	.LASF6:
 283 0073 474E5520 		.ascii	"GNU C 4.1.1\000"
 283      4320342E 
 283      312E3100 
ARM GAS  /cygdrive/c/Users/embedded/AppData/Local/Temp/ccy2Zcer.s 			page 7


 284              	.LASF9:
 285 007f 74553332 		.ascii	"tU32\000"
 285      00
 286              	.LASF4:
 287 0084 73686F72 		.ascii	"short int\000"
 287      7420696E 
 287      7400
 288              	.LASF11:
 289 008e 637A6173 		.ascii	"czas\000"
 289      00
 290              	.LASF3:
 291 0093 7369676E 		.ascii	"signed char\000"
 291      65642063 
 291      68617200 
 292              	.LASF10:
 293 009f 736C6565 		.ascii	"sleep\000"
 293      7000
 294              		.ident	"GCC: (GNU) 4.1.1"
ARM GAS  /cygdrive/c/Users/embedded/AppData/Local/Temp/ccy2Zcer.s 			page 8


DEFINED SYMBOLS
                            *ABS*:00000000 timer.c
/cygdrive/c/Users/embedded/AppData/Local/Temp/ccy2Zcer.s:1      .text:00000000 $t
/cygdrive/c/Users/embedded/AppData/Local/Temp/ccy2Zcer.s:16     .text:00000000 sleep
/cygdrive/c/Users/embedded/AppData/Local/Temp/ccy2Zcer.s:60     .text:00000030 $d

NO UNDEFINED SYMBOLS
