ARM GAS  /cygdrive/c/Users/embedded/AppData/Local/Temp/cczokSRk.s 			page 1


   1              		.code	16
   2              		.file	"wojtek.c"
   3              		.section	.debug_abbrev,"",%progbits
   4              	.Ldebug_abbrev0:
   5              		.section	.debug_info,"",%progbits
   6              	.Ldebug_info0:
   7              		.section	.debug_line,"",%progbits
   8              	.Ldebug_line0:
   9 0000 36000000 		.text
   9      02001F00 
   9      00000201 
   9      FB0E0D00 
   9      01010101 
  10              	.Ltext0:
  11              		.align	2
  12              		.global	wojtekW
  13              		.code 16
  14              		.thumb_func
  15              		.type	wojtekW, %function
  16              	wojtekW:
  17              	.LFB2:
  18              		.file 1 "wojtek.c"
   1:wojtek.c      **** /******************************************************************************
   2:wojtek.c      ****  * File:
   3:wojtek.c      ****  *    WOJTEK.c
   4:wojtek.c      ****  *
   5:wojtek.c      ****  * Description:
   6:wojtek.c      ****  *    buzzer+pwm+UART
   7:wojtek.c      ****  *
   8:wojtek.c      ****  *****************************************************************************/
   9:wojtek.c      **** 
  10:wojtek.c      **** /******************************************************************************
  11:wojtek.c      ****  * Includes
  12:wojtek.c      ****  *****************************************************************************/
  13:wojtek.c      **** #include "../pre_emptive_os/api/osapi.h"
  14:wojtek.c      **** #include "../pre_emptive_os/api/general.h"
  15:wojtek.c      **** #include <lpc2xxx.h>
  16:wojtek.c      **** 
  17:wojtek.c      **** #include "pins.h"
  18:wojtek.c      **** #include "timer.h"
  19:wojtek.c      **** #include "music.h"
  20:wojtek.c      **** 
  21:wojtek.c      **** void wojtekW(){
  19              		.loc 1 21 0
  20 0000 00B5     		push	{lr}
  21              	.LCFI0:
  22:wojtek.c      **** 	music();
  22              		.loc 1 22 0
  23 0002 FFF7FEFF 		bl	music
  23:wojtek.c      **** }
  24              		.loc 1 23 0
  25              		@ sp needed for prologue
  26 0006 01BC     		pop	{r0}
  27 0008 0047     		bx	r0
  28              	.LFE2:
  29              		.size	wojtekW, .-wojtekW
  30              		.section	.debug_frame,"",%progbits
ARM GAS  /cygdrive/c/Users/embedded/AppData/Local/Temp/cczokSRk.s 			page 2


  31              	.Lframe0:
  32 0000 0C000000 		.4byte	.LECIE0-.LSCIE0
  33              	.LSCIE0:
  34 0004 FFFFFFFF 		.4byte	0xffffffff
  35 0008 01       		.byte	0x1
  36 0009 00       		.ascii	"\000"
  37 000a 01       		.uleb128 0x1
  38 000b 7C       		.sleb128 -4
  39 000c 0E       		.byte	0xe
  40 000d 0C       		.byte	0xc
  41 000e 0D       		.uleb128 0xd
  42 000f 00       		.uleb128 0x0
  43              		.align	2
  44              	.LECIE0:
  45              	.LSFDE0:
  46 0010 14000000 		.4byte	.LEFDE0-.LASFDE0
  47              	.LASFDE0:
  48 0014 00000000 		.4byte	.Lframe0
  49 0018 00000000 		.4byte	.LFB2
  50 001c 0A000000 		.4byte	.LFE2-.LFB2
  51 0020 42       		.byte	0x4
  52              		.4byte	.LCFI0-.LFB2
  53 0021 0E       		.byte	0xe
  54 0022 04       		.uleb128 0x4
  55 0023 8E       		.byte	0x8e
  56 0024 01       		.uleb128 0x1
  57 0025 000000   		.align	2
  58              	.LEFDE0:
  59              		.text
  60              	.Letext0:
  61 000a C046     		.section	.debug_loc,"",%progbits
  62              	.Ldebug_loc0:
  63              	.LLST0:
  64 0000 00000000 		.4byte	.LFB2-.Ltext0
  65 0004 02000000 		.4byte	.LCFI0-.Ltext0
  66 0008 0100     		.2byte	0x1
  67 000a 5D       		.byte	0x5d
  68 000b 02000000 		.4byte	.LCFI0-.Ltext0
  69 000f 0A000000 		.4byte	.LFE2-.Ltext0
  70 0013 0200     		.2byte	0x2
  71 0015 7D       		.byte	0x7d
  72 0016 04       		.sleb128 4
  73 0017 00000000 		.4byte	0x0
  74 001b 00000000 		.4byte	0x0
  75              		.section	.debug_info
  76 0000 67000000 		.4byte	0x67
  77 0004 0200     		.2byte	0x2
  78 0006 00000000 		.4byte	.Ldebug_abbrev0
  79 000a 04       		.byte	0x4
  80 000b 01       		.uleb128 0x1
  81 000c 00000000 		.4byte	.Ldebug_line0
  82 0010 0A000000 		.4byte	.Letext0
  83 0014 00000000 		.4byte	.Ltext0
  84 0018 7C000000 		.4byte	.LASF6
  85 001c 01       		.byte	0x1
  86 001d 00000000 		.4byte	.LASF7
  87 0021 29000000 		.4byte	.LASF8
ARM GAS  /cygdrive/c/Users/embedded/AppData/Local/Temp/cczokSRk.s 			page 3


  88 0025 02       		.uleb128 0x2
  89 0026 09000000 		.4byte	.LASF0
  90 002a 01       		.byte	0x1
  91 002b 08       		.byte	0x8
  92 002c 02       		.uleb128 0x2
  93 002d 54000000 		.4byte	.LASF1
  94 0031 02       		.byte	0x2
  95 0032 07       		.byte	0x7
  96 0033 02       		.uleb128 0x2
  97 0034 6F000000 		.4byte	.LASF2
  98 0038 04       		.byte	0x4
  99 0039 07       		.byte	0x7
 100 003a 02       		.uleb128 0x2
 101 003b 92000000 		.4byte	.LASF3
 102 003f 01       		.byte	0x1
 103 0040 06       		.byte	0x6
 104 0041 02       		.uleb128 0x2
 105 0042 88000000 		.4byte	.LASF4
 106 0046 02       		.byte	0x2
 107 0047 05       		.byte	0x5
 108 0048 03       		.uleb128 0x3
 109 0049 696E7400 		.ascii	"int\000"
 110 004d 04       		.byte	0x4
 111 004e 05       		.byte	0x5
 112 004f 02       		.uleb128 0x2
 113 0050 17000000 		.4byte	.LASF5
 114 0054 04       		.byte	0x4
 115 0055 07       		.byte	0x7
 116 0056 04       		.uleb128 0x4
 117 0057 01       		.byte	0x1
 118 0058 67000000 		.4byte	.LASF9
 119 005c 01       		.byte	0x1
 120 005d 15       		.byte	0x15
 121 005e 00000000 		.4byte	.LFB2
 122 0062 0A000000 		.4byte	.LFE2
 123 0066 00000000 		.4byte	.LLST0
 124 006a 00       		.byte	0x0
 125              		.section	.debug_abbrev
 126 0000 01       		.uleb128 0x1
 127 0001 11       		.uleb128 0x11
 128 0002 01       		.byte	0x1
 129 0003 10       		.uleb128 0x10
 130 0004 06       		.uleb128 0x6
 131 0005 12       		.uleb128 0x12
 132 0006 01       		.uleb128 0x1
 133 0007 11       		.uleb128 0x11
 134 0008 01       		.uleb128 0x1
 135 0009 25       		.uleb128 0x25
 136 000a 0E       		.uleb128 0xe
 137 000b 13       		.uleb128 0x13
 138 000c 0B       		.uleb128 0xb
 139 000d 03       		.uleb128 0x3
 140 000e 0E       		.uleb128 0xe
 141 000f 1B       		.uleb128 0x1b
 142 0010 0E       		.uleb128 0xe
 143 0011 00       		.byte	0x0
 144 0012 00       		.byte	0x0
ARM GAS  /cygdrive/c/Users/embedded/AppData/Local/Temp/cczokSRk.s 			page 4


 145 0013 02       		.uleb128 0x2
 146 0014 24       		.uleb128 0x24
 147 0015 00       		.byte	0x0
 148 0016 03       		.uleb128 0x3
 149 0017 0E       		.uleb128 0xe
 150 0018 0B       		.uleb128 0xb
 151 0019 0B       		.uleb128 0xb
 152 001a 3E       		.uleb128 0x3e
 153 001b 0B       		.uleb128 0xb
 154 001c 00       		.byte	0x0
 155 001d 00       		.byte	0x0
 156 001e 03       		.uleb128 0x3
 157 001f 24       		.uleb128 0x24
 158 0020 00       		.byte	0x0
 159 0021 03       		.uleb128 0x3
 160 0022 08       		.uleb128 0x8
 161 0023 0B       		.uleb128 0xb
 162 0024 0B       		.uleb128 0xb
 163 0025 3E       		.uleb128 0x3e
 164 0026 0B       		.uleb128 0xb
 165 0027 00       		.byte	0x0
 166 0028 00       		.byte	0x0
 167 0029 04       		.uleb128 0x4
 168 002a 2E       		.uleb128 0x2e
 169 002b 00       		.byte	0x0
 170 002c 3F       		.uleb128 0x3f
 171 002d 0C       		.uleb128 0xc
 172 002e 03       		.uleb128 0x3
 173 002f 0E       		.uleb128 0xe
 174 0030 3A       		.uleb128 0x3a
 175 0031 0B       		.uleb128 0xb
 176 0032 3B       		.uleb128 0x3b
 177 0033 0B       		.uleb128 0xb
 178 0034 11       		.uleb128 0x11
 179 0035 01       		.uleb128 0x1
 180 0036 12       		.uleb128 0x12
 181 0037 01       		.uleb128 0x1
 182 0038 40       		.uleb128 0x40
 183 0039 06       		.uleb128 0x6
 184 003a 00       		.byte	0x0
 185 003b 00       		.byte	0x0
 186 003c 00       		.byte	0x0
 187              		.section	.debug_pubnames,"",%progbits
 188 0000 1A000000 		.4byte	0x1a
 189 0004 0200     		.2byte	0x2
 190 0006 00000000 		.4byte	.Ldebug_info0
 191 000a 6B000000 		.4byte	0x6b
 192 000e 56000000 		.4byte	0x56
 193 0012 776F6A74 		.ascii	"wojtekW\000"
 193      656B5700 
 194 001a 00000000 		.4byte	0x0
 195              		.section	.debug_aranges,"",%progbits
 196 0000 1C000000 		.4byte	0x1c
 197 0004 0200     		.2byte	0x2
 198 0006 00000000 		.4byte	.Ldebug_info0
 199 000a 04       		.byte	0x4
 200 000b 00       		.byte	0x0
ARM GAS  /cygdrive/c/Users/embedded/AppData/Local/Temp/cczokSRk.s 			page 5


 201 000c 0000     		.2byte	0x0
 202 000e 0000     		.2byte	0x0
 203 0010 00000000 		.4byte	.Ltext0
 204 0014 0A000000 		.4byte	.Letext0-.Ltext0
 205 0018 00000000 		.4byte	0x0
 206 001c 00000000 		.4byte	0x0
 207              		.section	.debug_str,"MS",%progbits,1
 208              	.LASF7:
 209 0000 776F6A74 		.ascii	"wojtek.c\000"
 209      656B2E63 
 209      00
 210              	.LASF0:
 211 0009 756E7369 		.ascii	"unsigned char\000"
 211      676E6564 
 211      20636861 
 211      7200
 212              	.LASF5:
 213 0017 6C6F6E67 		.ascii	"long unsigned int\000"
 213      20756E73 
 213      69676E65 
 213      6420696E 
 213      7400
 214              	.LASF8:
 215 0029 2F637967 		.ascii	"/cygdrive/c/Users/embedded/Desktop/PROGRAM\000"
 215      64726976 
 215      652F632F 
 215      55736572 
 215      732F656D 
 216              	.LASF1:
 217 0054 73686F72 		.ascii	"short unsigned int\000"
 217      7420756E 
 217      7369676E 
 217      65642069 
 217      6E7400
 218              	.LASF9:
 219 0067 776F6A74 		.ascii	"wojtekW\000"
 219      656B5700 
 220              	.LASF2:
 221 006f 756E7369 		.ascii	"unsigned int\000"
 221      676E6564 
 221      20696E74 
 221      00
 222              	.LASF6:
 223 007c 474E5520 		.ascii	"GNU C 4.1.1\000"
 223      4320342E 
 223      312E3100 
 224              	.LASF4:
 225 0088 73686F72 		.ascii	"short int\000"
 225      7420696E 
 225      7400
 226              	.LASF3:
 227 0092 7369676E 		.ascii	"signed char\000"
 227      65642063 
 227      68617200 
 228              		.ident	"GCC: (GNU) 4.1.1"
ARM GAS  /cygdrive/c/Users/embedded/AppData/Local/Temp/cczokSRk.s 			page 6


DEFINED SYMBOLS
                            *ABS*:00000000 wojtek.c
/cygdrive/c/Users/embedded/AppData/Local/Temp/cczokSRk.s:1      .text:00000000 $t
/cygdrive/c/Users/embedded/AppData/Local/Temp/cczokSRk.s:16     .text:00000000 wojtekW

UNDEFINED SYMBOLS
music
